-------------------------------------------------------------------------------
Test set: com.julianduru.fileuploader.providers.aws.AWSFileUploaderTest
-------------------------------------------------------------------------------
Tests run: 3, Failures: 0, Errors: 3, Skipped: 0, Time elapsed: 111.385 s <<< FAILURE! - in com.julianduru.fileuploader.providers.aws.AWSFileUploaderTest
testBucketExistsReturnsFalseWhenNotExisting  Time elapsed: 0 s  <<< ERROR!
java.lang.IllegalStateException: Failed to load ApplicationContext
Caused by: org.springframework.beans.factory.UnsatisfiedDependencyException: Error creating bean with name 'fileUploadProvider' defined in file [/Users/dduru/IdeaProjects/Private/libs/file-uploader-jpa/target/test-classes/com/julianduru/fileuploader/data/FileUploadProvider.class]: Unsatisfied dependency expressed through constructor parameter 0; nested exception is org.springframework.beans.factory.UnsatisfiedDependencyException: Error creating bean with name 'jpaFileUploadRepositoryImpl' defined in file [/Users/dduru/IdeaProjects/Private/libs/file-uploader-jpa/target/classes/com/julianduru/fileuploader/module/JpaFileUploadRepositoryImpl.class]: Unsatisfied dependency expressed through constructor parameter 0; nested exception is org.springframework.beans.factory.BeanCurrentlyInCreationException: Error creating bean with name 'jpaFileUploadRepositoryImpl': Requested bean is currently in creation: Is there an unresolvable circular reference?
Caused by: org.springframework.beans.factory.UnsatisfiedDependencyException: Error creating bean with name 'jpaFileUploadRepositoryImpl' defined in file [/Users/dduru/IdeaProjects/Private/libs/file-uploader-jpa/target/classes/com/julianduru/fileuploader/module/JpaFileUploadRepositoryImpl.class]: Unsatisfied dependency expressed through constructor parameter 0; nested exception is org.springframework.beans.factory.BeanCurrentlyInCreationException: Error creating bean with name 'jpaFileUploadRepositoryImpl': Requested bean is currently in creation: Is there an unresolvable circular reference?
Caused by: org.springframework.beans.factory.BeanCurrentlyInCreationException: Error creating bean with name 'jpaFileUploadRepositoryImpl': Requested bean is currently in creation: Is there an unresolvable circular reference?

testBucketExistsReturnsTrueWhenExisting  Time elapsed: 0 s  <<< ERROR!
java.lang.IllegalStateException: Failed to load ApplicationContext
Caused by: org.springframework.beans.factory.UnsatisfiedDependencyException: Error creating bean with name 'fileUploadProvider' defined in file [/Users/dduru/IdeaProjects/Private/libs/file-uploader-jpa/target/test-classes/com/julianduru/fileuploader/data/FileUploadProvider.class]: Unsatisfied dependency expressed through constructor parameter 0; nested exception is org.springframework.beans.factory.UnsatisfiedDependencyException: Error creating bean with name 'jpaFileUploadRepositoryImpl' defined in file [/Users/dduru/IdeaProjects/Private/libs/file-uploader-jpa/target/classes/com/julianduru/fileuploader/module/JpaFileUploadRepositoryImpl.class]: Unsatisfied dependency expressed through constructor parameter 0; nested exception is org.springframework.beans.factory.BeanCurrentlyInCreationException: Error creating bean with name 'jpaFileUploadRepositoryImpl': Requested bean is currently in creation: Is there an unresolvable circular reference?
Caused by: org.springframework.beans.factory.UnsatisfiedDependencyException: Error creating bean with name 'jpaFileUploadRepositoryImpl' defined in file [/Users/dduru/IdeaProjects/Private/libs/file-uploader-jpa/target/classes/com/julianduru/fileuploader/module/JpaFileUploadRepositoryImpl.class]: Unsatisfied dependency expressed through constructor parameter 0; nested exception is org.springframework.beans.factory.BeanCurrentlyInCreationException: Error creating bean with name 'jpaFileUploadRepositoryImpl': Requested bean is currently in creation: Is there an unresolvable circular reference?
Caused by: org.springframework.beans.factory.BeanCurrentlyInCreationException: Error creating bean with name 'jpaFileUploadRepositoryImpl': Requested bean is currently in creation: Is there an unresolvable circular reference?

testAWSUploaderMethods  Time elapsed: 0 s  <<< ERROR!
java.lang.IllegalStateException: Failed to load ApplicationContext
Caused by: org.springframework.beans.factory.UnsatisfiedDependencyException: Error creating bean with name 'fileUploadProvider' defined in file [/Users/dduru/IdeaProjects/Private/libs/file-uploader-jpa/target/test-classes/com/julianduru/fileuploader/data/FileUploadProvider.class]: Unsatisfied dependency expressed through constructor parameter 0; nested exception is org.springframework.beans.factory.UnsatisfiedDependencyException: Error creating bean with name 'jpaFileUploadRepositoryImpl' defined in file [/Users/dduru/IdeaProjects/Private/libs/file-uploader-jpa/target/classes/com/julianduru/fileuploader/module/JpaFileUploadRepositoryImpl.class]: Unsatisfied dependency expressed through constructor parameter 0; nested exception is org.springframework.beans.factory.BeanCurrentlyInCreationException: Error creating bean with name 'jpaFileUploadRepositoryImpl': Requested bean is currently in creation: Is there an unresolvable circular reference?
Caused by: org.springframework.beans.factory.UnsatisfiedDependencyException: Error creating bean with name 'jpaFileUploadRepositoryImpl' defined in file [/Users/dduru/IdeaProjects/Private/libs/file-uploader-jpa/target/classes/com/julianduru/fileuploader/module/JpaFileUploadRepositoryImpl.class]: Unsatisfied dependency expressed through constructor parameter 0; nested exception is org.springframework.beans.factory.BeanCurrentlyInCreationException: Error creating bean with name 'jpaFileUploadRepositoryImpl': Requested bean is currently in creation: Is there an unresolvable circular reference?
Caused by: org.springframework.beans.factory.BeanCurrentlyInCreationException: Error creating bean with name 'jpaFileUploadRepositoryImpl': Requested bean is currently in creation: Is there an unresolvable circular reference?

