<?xml version="1.0" encoding="UTF-8"?>
<testsuite xmlns:xsi="http://www.w3.org/2001/XMLSchema-instance" xsi:noNamespaceSchemaLocation="https://maven.apache.org/surefire/maven-surefire-plugin/xsd/surefire-test-report.xsd" name="com.julianduru.fileuploader.FileUploaderApplicationTests" time="0.002" tests="1" errors="1" skipped="0" failures="0">
  <properties>
[...]
</properties>
  <testcase name="com.julianduru.fileuploader.FileUploaderApplicationTests" classname="com.julianduru.fileuploader.FileUploaderApplicationTests" time="0.002">
    <error message="Unable to find a @SpringBootConfiguration, you need to use @ContextConfiguration or @SpringBootTest(classes=...) with your test" type="java.lang.IllegalStateException">java.lang.IllegalStateException: Unable to find a @SpringBootConfiguration, you need to use @ContextConfiguration or @SpringBootTest(classes=...) with your test
</error>
    <system-out><![CDATA[2022-11-20 10:49:18.178  INFO 8704 --- [           main] .b.t.c.SpringBootTestContextBootstrapper : Neither @ContextConfiguration nor @ContextHierarchy found for test class [com.julianduru.fileuploader.FileUploaderApplicationTests], using SpringBootContextLoader
2022-11-20 10:49:18.178  INFO 8704 --- [           main] o.s.t.c.support.AbstractContextLoader    : Could not detect default resource locations for test class [com.julianduru.fileuploader.FileUploaderApplicationTests]: no resource found for suffixes {-context.xml, Context.groovy}.
2022-11-20 10:49:18.179  INFO 8704 --- [           main] t.c.s.AnnotationConfigContextLoaderUtils : Could not detect default configuration classes for test class [com.julianduru.fileuploader.FileUploaderApplicationTests]: FileUploaderApplicationTests does not declare any static, non-private, non-final, nested classes annotated with @Configuration.
]]></system-out>
  </testcase>
</testsuite>