<?xml version="1.0" encoding="UTF-8"?>
<testsuite xmlns:xsi="http://www.w3.org/2001/XMLSchema-instance" xsi:noNamespaceSchemaLocation="https://maven.apache.org/surefire/maven-surefire-plugin/xsd/surefire-test-report.xsd" name="com.julianduru.fileuploader.providers.cloudinary.CloudinaryFileUploaderTest" time="42.264" tests="1" errors="1" skipped="0" failures="0">
  <properties>
[...]
</properties>
  <testcase name="testCloudinaryUploaderMethods" classname="com.julianduru.fileuploader.providers.cloudinary.CloudinaryFileUploaderTest" time="0.001">
    <error message="Failed to load ApplicationContext" type="java.lang.IllegalStateException">java.lang.IllegalStateException: Failed to load ApplicationContext
Caused by: org.springframework.beans.factory.UnsatisfiedDependencyException: Error creating bean with name 'fileUploadProvider' defined in file [/Users/dduru/IdeaProjects/Private/libs/file-uploader-jpa/target/test-classes/com/julianduru/fileuploader/data/FileUploadProvider.class]: Unsatisfied dependency expressed through constructor parameter 0; nested exception is org.springframework.beans.factory.UnsatisfiedDependencyException: Error creating bean with name 'jpaFileUploadRepositoryImpl' defined in file [/Users/dduru/IdeaProjects/Private/libs/file-uploader-jpa/target/classes/com/julianduru/fileuploader/module/JpaFileUploadRepositoryImpl.class]: Unsatisfied dependency expressed through constructor parameter 0; nested exception is org.springframework.beans.factory.BeanCurrentlyInCreationException: Error creating bean with name 'jpaFileUploadRepositoryImpl': Requested bean is currently in creation: Is there an unresolvable circular reference?
Caused by: org.springframework.beans.factory.UnsatisfiedDependencyException: Error creating bean with name 'jpaFileUploadRepositoryImpl' defined in file [/Users/dduru/IdeaProjects/Private/libs/file-uploader-jpa/target/classes/com/julianduru/fileuploader/module/JpaFileUploadRepositoryImpl.class]: Unsatisfied dependency expressed through constructor parameter 0; nested exception is org.springframework.beans.factory.BeanCurrentlyInCreationException: Error creating bean with name 'jpaFileUploadRepositoryImpl': Requested bean is currently in creation: Is there an unresolvable circular reference?
Caused by: org.springframework.beans.factory.BeanCurrentlyInCreationException: Error creating bean with name 'jpaFileUploadRepositoryImpl': Requested bean is currently in creation: Is there an unresolvable circular reference?
</error>
    <system-out><![CDATA[10:46:44.580 [main] DEBUG org.springframework.test.context.BootstrapUtils - Instantiating CacheAwareContextLoaderDelegate from class [org.springframework.test.context.cache.DefaultCacheAwareContextLoaderDelegate]
10:46:44.585 [main] DEBUG org.springframework.test.context.BootstrapUtils - Instantiating BootstrapContext using constructor [public org.springframework.test.context.support.DefaultBootstrapContext(java.lang.Class,org.springframework.test.context.CacheAwareContextLoaderDelegate)]
10:46:44.609 [main] DEBUG org.springframework.test.context.BootstrapUtils - Instantiating TestContextBootstrapper for test class [com.julianduru.fileuploader.providers.cloudinary.CloudinaryFileUploaderTest] from class [org.springframework.boot.test.context.SpringBootTestContextBootstrapper]
10:46:44.617 [main] INFO org.springframework.boot.test.context.SpringBootTestContextBootstrapper - Neither @ContextConfiguration nor @ContextHierarchy found for test class [com.julianduru.fileuploader.providers.cloudinary.CloudinaryFileUploaderTest], using SpringBootContextLoader
10:46:44.618 [main] DEBUG org.springframework.test.context.support.AbstractContextLoader - Did not detect default resource location for test class [com.julianduru.fileuploader.providers.cloudinary.CloudinaryFileUploaderTest]: class path resource [com/julianduru/fileuploader/providers/cloudinary/CloudinaryFileUploaderTest-context.xml] does not exist
10:46:44.618 [main] DEBUG org.springframework.test.context.support.AbstractContextLoader - Did not detect default resource location for test class [com.julianduru.fileuploader.providers.cloudinary.CloudinaryFileUploaderTest]: class path resource [com/julianduru/fileuploader/providers/cloudinary/CloudinaryFileUploaderTestContext.groovy] does not exist
10:46:44.618 [main] INFO org.springframework.test.context.support.AbstractContextLoader - Could not detect default resource locations for test class [com.julianduru.fileuploader.providers.cloudinary.CloudinaryFileUploaderTest]: no resource found for suffixes {-context.xml, Context.groovy}.
10:46:44.642 [main] DEBUG org.springframework.test.context.support.ActiveProfilesUtils - Could not find an 'annotation declaring class' for annotation type [org.springframework.test.context.ActiveProfiles] and class [com.julianduru.fileuploader.providers.cloudinary.CloudinaryFileUploaderTest]
10:46:44.698 [main] DEBUG org.springframework.boot.test.context.SpringBootTestContextBootstrapper - @TestExecutionListeners is not present for class [com.julianduru.fileuploader.providers.cloudinary.CloudinaryFileUploaderTest]: using defaults.
10:46:44.698 [main] INFO org.springframework.boot.test.context.SpringBootTestContextBootstrapper - Loaded default TestExecutionListener class names from location [META-INF/spring.factories]: [org.springframework.boot.test.mock.mockito.MockitoTestExecutionListener, org.springframework.boot.test.mock.mockito.ResetMocksTestExecutionListener, org.springframework.boot.test.autoconfigure.restdocs.RestDocsTestExecutionListener, org.springframework.boot.test.autoconfigure.web.client.MockRestServiceServerResetTestExecutionListener, org.springframework.boot.test.autoconfigure.web.servlet.MockMvcPrintOnlyOnFailureTestExecutionListener, org.springframework.boot.test.autoconfigure.web.servlet.WebDriverTestExecutionListener, org.springframework.boot.test.autoconfigure.webservices.client.MockWebServiceServerTestExecutionListener, org.springframework.test.context.web.ServletTestExecutionListener, org.springframework.test.context.support.DirtiesContextBeforeModesTestExecutionListener, org.springframework.test.context.event.ApplicationEventsTestExecutionListener, org.springframework.test.context.support.DependencyInjectionTestExecutionListener, org.springframework.test.context.support.DirtiesContextTestExecutionListener, org.springframework.test.context.transaction.TransactionalTestExecutionListener, org.springframework.test.context.jdbc.SqlScriptsTestExecutionListener, org.springframework.test.context.event.EventPublishingTestExecutionListener]
10:46:44.707 [main] INFO org.springframework.boot.test.context.SpringBootTestContextBootstrapper - Using TestExecutionListeners: [org.springframework.test.context.web.ServletTestExecutionListener@59a008ba, org.springframework.test.context.support.DirtiesContextBeforeModesTestExecutionListener@338c99c8, org.springframework.test.context.event.ApplicationEventsTestExecutionListener@21ba0741, org.springframework.boot.test.mock.mockito.MockitoTestExecutionListener@58ce9668, org.springframework.boot.test.autoconfigure.SpringBootDependencyInjectionTestExecutionListener@172b013, org.springframework.test.context.support.DirtiesContextTestExecutionListener@56673b2c, org.springframework.test.context.transaction.TransactionalTestExecutionListener@2796aeae, org.springframework.test.context.jdbc.SqlScriptsTestExecutionListener@b4711e2, org.springframework.test.context.event.EventPublishingTestExecutionListener@1fa1cab1, org.springframework.boot.test.mock.mockito.ResetMocksTestExecutionListener@70f02c32, org.springframework.boot.test.autoconfigure.restdocs.RestDocsTestExecutionListener@62010f5c, org.springframework.boot.test.autoconfigure.web.client.MockRestServiceServerResetTestExecutionListener@51fadaff, org.springframework.boot.test.autoconfigure.web.servlet.MockMvcPrintOnlyOnFailureTestExecutionListener@401f7633, org.springframework.boot.test.autoconfigure.web.servlet.WebDriverTestExecutionListener@31ff43be, org.springframework.boot.test.autoconfigure.webservices.client.MockWebServiceServerTestExecutionListener@5b6ec132]
10:46:44.712 [main] DEBUG org.springframework.test.context.support.AbstractDirtiesContextTestExecutionListener - Before test class: context [DefaultTestContext@6c2c1385 testClass = CloudinaryFileUploaderTest, testInstance = [null], testMethod = [null], testException = [null], mergedContextConfiguration = [WebMergedContextConfiguration@5f354bcf testClass = CloudinaryFileUploaderTest, locations = '{}', classes = '{class com.julianduru.fileuploader.config.TestConfig, class com.julianduru.fileuploader.JpaFileUploaderAutoConfiguration}', contextInitializerClasses = '[]', activeProfiles = '{}', propertySourceLocations = '{}', propertySourceProperties = '{org.springframework.boot.test.context.SpringBootTestContextBootstrapper=true}', contextCustomizers = set[org.springframework.boot.test.context.filter.ExcludeFilterContextCustomizer@45099dd3, org.springframework.boot.test.json.DuplicateJsonObjectContextCustomizerFactory$DuplicateJsonObjectContextCustomizer@1c7696c6, org.springframework.boot.test.mock.mockito.MockitoContextCustomizer@0, org.springframework.boot.test.web.client.TestRestTemplateContextCustomizer@7526515b, org.springframework.boot.test.autoconfigure.actuate.metrics.MetricsExportContextCustomizerFactory$DisableMetricExportContextCustomizer@449a4f23, org.springframework.boot.test.autoconfigure.properties.PropertyMappingContextCustomizer@0, org.springframework.boot.test.autoconfigure.web.servlet.WebDriverContextCustomizerFactory$Customizer@2034b64c, org.springframework.boot.test.context.SpringBootTestArgs@1, org.springframework.boot.test.context.SpringBootTestWebEnvironment@543788f3], resourceBasePath = 'src/main/webapp', contextLoader = 'org.springframework.boot.test.context.SpringBootContextLoader', parent = [null]], attributes = map['org.springframework.test.context.web.ServletTestExecutionListener.activateListener' -> true]], class annotated with @DirtiesContext [false] with mode [null].

  .   ____          _            __ _ _
 /\\ / ___'_ __ _ _(_)_ __  __ _ \ \ \ \
( ( )\___ | '_ | '_| | '_ \/ _` | \ \ \ \
 \\/  ___)| |_)| | | | | || (_| |  ) ) ) )
  '  |____| .__|_| |_|_| |_\__, | / / / /
 =========|_|==============|___/=/_/_/_/
 :: Spring Boot ::                (v2.7.3)

2022-11-20 10:46:44.881  WARN 8704 --- [           main] ory$DuplicateJsonObjectContextCustomizer : 

Found multiple occurrences of org.json.JSONObject on the class path:

	jar:file:/Users/dduru/.m2/repository/org/json/json/20190722/json-20190722.jar!/org/json/JSONObject.class
	jar:file:/Users/dduru/.m2/repository/com/vaadin/external/google/android-json/0.0.20131108.vaadin1/android-json-0.0.20131108.vaadin1.jar!/org/json/JSONObject.class

You may wish to exclude one of them to ensure predictable runtime behavior

2022-11-20 10:46:44.891  INFO 8704 --- [           main] c.j.f.p.c.CloudinaryFileUploaderTest     : Starting CloudinaryFileUploaderTest using Java 17.0.2 on DumebiDurusMBP2.lan with PID 8704 (started by dduru in /Users/dduru/IdeaProjects/Private/libs/file-uploader-jpa)
2022-11-20 10:46:44.892  INFO 8704 --- [           main] c.j.f.p.c.CloudinaryFileUploaderTest     : No active profile set, falling back to 1 default profile: "default"
2022-11-20 10:46:45.226  INFO 8704 --- [           main] .s.d.r.c.RepositoryConfigurationDelegate : Bootstrapping Spring Data JPA repositories in DEFAULT mode.
2022-11-20 10:46:45.246  INFO 8704 --- [           main] .s.d.r.c.RepositoryConfigurationDelegate : Finished Spring Data repository scanning in 15 ms. Found 1 JPA repository interfaces.
2022-11-20 10:46:45.522  INFO 8704 --- [           main] ptablePropertiesBeanFactoryPostProcessor : Post-processing PropertySource instances
2022-11-20 10:46:45.523  INFO 8704 --- [           main] c.u.j.EncryptablePropertySourceConverter : Skipping PropertySource configurationProperties [class org.springframework.boot.context.properties.source.ConfigurationPropertySourcesPropertySource
2022-11-20 10:46:45.524  INFO 8704 --- [           main] c.u.j.EncryptablePropertySourceConverter : Converting PropertySource test [org.springframework.core.env.MapPropertySource] to EncryptableMapPropertySourceWrapper
2022-11-20 10:46:45.524  INFO 8704 --- [           main] c.u.j.EncryptablePropertySourceConverter : Converting PropertySource Inlined Test Properties [org.springframework.core.env.MapPropertySource] to EncryptableMapPropertySourceWrapper
2022-11-20 10:46:45.524  INFO 8704 --- [           main] c.u.j.EncryptablePropertySourceConverter : Skipping PropertySource servletConfigInitParams [class org.springframework.core.env.PropertySource$StubPropertySource
2022-11-20 10:46:45.524  INFO 8704 --- [           main] c.u.j.EncryptablePropertySourceConverter : Converting PropertySource servletContextInitParams [org.springframework.web.context.support.ServletContextPropertySource] to EncryptableEnumerablePropertySourceWrapper
2022-11-20 10:46:45.524  INFO 8704 --- [           main] c.u.j.EncryptablePropertySourceConverter : Converting PropertySource systemProperties [org.springframework.core.env.PropertiesPropertySource] to EncryptableMapPropertySourceWrapper
2022-11-20 10:46:45.524  INFO 8704 --- [           main] c.u.j.EncryptablePropertySourceConverter : Converting PropertySource systemEnvironment [org.springframework.boot.env.SystemEnvironmentPropertySourceEnvironmentPostProcessor$OriginAwareSystemEnvironmentPropertySource] to EncryptableSystemEnvironmentPropertySourceWrapper
2022-11-20 10:46:45.524  INFO 8704 --- [           main] c.u.j.EncryptablePropertySourceConverter : Converting PropertySource random [org.springframework.boot.env.RandomValuePropertySource] to EncryptablePropertySourceWrapper
2022-11-20 10:46:45.524  INFO 8704 --- [           main] c.u.j.EncryptablePropertySourceConverter : Converting PropertySource Config resource 'class path resource [application.properties]' via location 'optional:classpath:/' [org.springframework.boot.env.OriginTrackedMapPropertySource] to EncryptableMapPropertySourceWrapper
2022-11-20 10:46:45.615  INFO 8704 --- [           main] c.u.j.filter.DefaultLazyPropertyFilter   : Property Filter custom Bean not found with name 'encryptablePropertyFilter'. Initializing Default Property Filter
2022-11-20 10:46:45.624  INFO 8704 --- [           main] c.u.j.r.DefaultLazyPropertyResolver      : Property Resolver custom Bean not found with name 'encryptablePropertyResolver'. Initializing Default Property Resolver
2022-11-20 10:46:45.625  INFO 8704 --- [           main] c.u.j.d.DefaultLazyPropertyDetector      : Property Detector custom Bean not found with name 'encryptablePropertyDetector'. Initializing Default Property Detector
2022-11-20 10:46:45.670  INFO 8704 --- [           main] o.t.d.DockerClientProviderStrategy       : Loaded org.testcontainers.dockerclient.UnixSocketClientProviderStrategy from ~/.testcontainers.properties, will try it first
2022-11-20 10:46:46.245  INFO 8704 --- [           main] o.t.d.DockerClientProviderStrategy       : Found Docker environment with local Unix socket (unix:///var/run/docker.sock)
2022-11-20 10:46:46.246  INFO 8704 --- [           main] org.testcontainers.DockerClientFactory   : Docker host IP address is localhost
2022-11-20 10:46:46.289  INFO 8704 --- [           main] org.testcontainers.DockerClientFactory   : Connected to docker: 
  Server Version: 20.10.12
  API Version: 1.41
  Operating System: Docker Desktop
  Total Memory: 4933 MB
2022-11-20 10:46:46.291  INFO 8704 --- [           main] o.t.utility.ImageNameSubstitutor         : Image name substitution will be performed by: DefaultImageNameSubstitutor (composite of 'ConfigurationFileImageNameSubstitutor' and 'PrefixingImageNameSubstitutor')
2022-11-20 10:46:46.732  INFO 8704 --- [           main] org.testcontainers.DockerClientFactory   : Ryuk started - will monitor and terminate Testcontainers containers on JVM exit
2022-11-20 10:46:46.732  INFO 8704 --- [           main] org.testcontainers.DockerClientFactory   : Checking the system...
2022-11-20 10:46:46.732  INFO 8704 --- [           main] org.testcontainers.DockerClientFactory   : ?? Docker server version should be at least 1.6.0
2022-11-20 10:46:46.803  INFO 8704 --- [           main] org.testcontainers.DockerClientFactory   : ?? Docker environment should have more than 2GB free disk space
2022-11-20 10:46:46.815  INFO 8704 --- [           main] docker[mysql:8.0]                        : Creating container for image: mysql:8.0
2022-11-20 10:46:46.902  INFO 8704 --- [           main] docker[mysql:8.0]                        : Starting container with ID: 27e4a6a08709986251d37ccadd0da0af9947a853aac17e3c3837ad48c3922902
2022-11-20 10:46:47.111  INFO 8704 --- [           main] docker[mysql:8.0]                        : Container mysql:8.0 is starting: 27e4a6a08709986251d37ccadd0da0af9947a853aac17e3c3837ad48c3922902
2022-11-20 10:46:47.126  INFO 8704 --- [           main] docker[mysql:8.0]                        : Waiting for database connection to become available at jdbc:mysql://localhost:55014/file_upload?createDatabaseIfNotExist=true&serverTimezone=UTC using query 'SELECT 1'
2022-11-20 10:46:47.229  INFO 8704 --- [ream-1654906699] eConfig$$EnhancerBySpringCGLIB$$f71396ae : STDOUT: 2022-11-20 09:46:47+00:00 [Note] [Entrypoint]: Entrypoint script for MySQL Server 8.0.28-1debian10 started.
2022-11-20 10:46:47.887  INFO 8704 --- [ream-1654906699] eConfig$$EnhancerBySpringCGLIB$$f71396ae : STDOUT: 2022-11-20 09:46:47+00:00 [Note] [Entrypoint]: Switching to dedicated user 'mysql'
2022-11-20 10:46:48.039  INFO 8704 --- [ream-1654906699] eConfig$$EnhancerBySpringCGLIB$$f71396ae : STDOUT: 2022-11-20 09:46:48+00:00 [Note] [Entrypoint]: Entrypoint script for MySQL Server 8.0.28-1debian10 started.
2022-11-20 10:46:48.681  INFO 8704 --- [ream-1654906699] eConfig$$EnhancerBySpringCGLIB$$f71396ae : STDOUT: 2022-11-20 09:46:48+00:00 [Note] [Entrypoint]: Initializing database files
2022-11-20 10:46:48.817  INFO 8704 --- [ream-1654906699] eConfig$$EnhancerBySpringCGLIB$$f71396ae : STDERR: 2022-11-20T09:46:48.769024Z 0 [System] [MY-013169] [Server] /usr/sbin/mysqld (mysqld 8.0.28) initializing of server in progress as process 99
2022-11-20 10:46:48.873  INFO 8704 --- [ream-1654906699] eConfig$$EnhancerBySpringCGLIB$$f71396ae : STDERR: 2022-11-20T09:46:48.870635Z 1 [System] [MY-013576] [InnoDB] InnoDB initialization has started.
2022-11-20 10:46:48.896  INFO 8704 --- [ream-1654906699] eConfig$$EnhancerBySpringCGLIB$$f71396ae : STDERR: 2022-11-20T09:46:48.894196Z 1 [ERROR] [MY-012585] [InnoDB] Linux Native AIO interface is not supported on this platform. Please check your OS documentation and install appropriate binary of InnoDB.
2022-11-20 10:46:48.896  INFO 8704 --- [ream-1654906699] eConfig$$EnhancerBySpringCGLIB$$f71396ae : STDERR: 2022-11-20T09:46:48.894649Z 1 [Warning] [MY-012654] [InnoDB] Linux Native AIO disabled.
2022-11-20 10:46:49.474  INFO 8704 --- [ream-1654906699] eConfig$$EnhancerBySpringCGLIB$$f71396ae : STDERR: 2022-11-20T09:46:49.473964Z 1 [System] [MY-013577] [InnoDB] InnoDB initialization has ended.
2022-11-20 10:46:55.058  INFO 8704 --- [ream-1654906699] eConfig$$EnhancerBySpringCGLIB$$f71396ae : STDERR: 2022-11-20T09:46:55.057652Z 6 [Warning] [MY-010453] [Server] root@localhost is created with an empty password ! Please consider switching off the --initialize-insecure option.
2022-11-20 10:47:05.645  INFO 8704 --- [ream-1654906699] eConfig$$EnhancerBySpringCGLIB$$f71396ae : STDOUT: 2022-11-20 09:47:05+00:00 [Note] [Entrypoint]: Database files initialized
2022-11-20 10:47:05.666  INFO 8704 --- [ream-1654906699] eConfig$$EnhancerBySpringCGLIB$$f71396ae : STDOUT: 2022-11-20 09:47:05+00:00 [Note] [Entrypoint]: Starting temporary server
2022-11-20 10:47:06.133  INFO 8704 --- [ream-1654906699] eConfig$$EnhancerBySpringCGLIB$$f71396ae : STDERR: 2022-11-20T09:47:06.063335Z 0 [System] [MY-010116] [Server] /usr/sbin/mysqld (mysqld 8.0.28) starting as process 154
2022-11-20 10:47:06.190  INFO 8704 --- [ream-1654906699] eConfig$$EnhancerBySpringCGLIB$$f71396ae : STDERR: 2022-11-20T09:47:06.188859Z 1 [System] [MY-013576] [InnoDB] InnoDB initialization has started.
2022-11-20 10:47:06.219  INFO 8704 --- [ream-1654906699] eConfig$$EnhancerBySpringCGLIB$$f71396ae : STDERR: 2022-11-20T09:47:06.219186Z 1 [ERROR] [MY-012585] [InnoDB] Linux Native AIO interface is not supported on this platform. Please check your OS documentation and install appropriate binary of InnoDB.
2022-11-20 10:47:06.220  INFO 8704 --- [ream-1654906699] eConfig$$EnhancerBySpringCGLIB$$f71396ae : STDERR: 2022-11-20T09:47:06.219510Z 1 [Warning] [MY-012654] [InnoDB] Linux Native AIO disabled.
2022-11-20 10:47:06.517  INFO 8704 --- [ream-1654906699] eConfig$$EnhancerBySpringCGLIB$$f71396ae : STDERR: 2022-11-20T09:47:06.516486Z 1 [System] [MY-013577] [InnoDB] InnoDB initialization has ended.
2022-11-20 10:47:08.175  INFO 8704 --- [ream-1654906699] eConfig$$EnhancerBySpringCGLIB$$f71396ae : STDERR: 2022-11-20T09:47:08.174308Z 0 [Warning] [MY-010068] [Server] CA certificate ca.pem is self signed.
2022-11-20 10:47:08.175  INFO 8704 --- [ream-1654906699] eConfig$$EnhancerBySpringCGLIB$$f71396ae : STDERR: 2022-11-20T09:47:08.175473Z 0 [System] [MY-013602] [Server] Channel mysql_main configured to support TLS. Encrypted connections are now supported for this channel.
2022-11-20 10:47:08.183  INFO 8704 --- [ream-1654906699] eConfig$$EnhancerBySpringCGLIB$$f71396ae : STDERR: 2022-11-20T09:47:08.182890Z 0 [Warning] [MY-011810] [Server] Insecure configuration for --pid-file: Location '/var/run/mysqld' in the path is accessible to all OS users. Consider choosing a different directory.
2022-11-20 10:47:08.385  INFO 8704 --- [ream-1654906699] eConfig$$EnhancerBySpringCGLIB$$f71396ae : STDERR: 2022-11-20T09:47:08.384698Z 0 [System] [MY-011323] [Server] X Plugin ready for connections. Socket: /var/run/mysqld/mysqlx.sock
2022-11-20 10:47:08.389  INFO 8704 --- [ream-1654906699] eConfig$$EnhancerBySpringCGLIB$$f71396ae : STDERR: 2022-11-20T09:47:08.388690Z 0 [System] [MY-010931] [Server] /usr/sbin/mysqld: ready for connections. Version: '8.0.28'  socket: '/var/run/mysqld/mysqld.sock'  port: 0  MySQL Community Server - GPL.
2022-11-20 10:47:08.437  INFO 8704 --- [ream-1654906699] eConfig$$EnhancerBySpringCGLIB$$f71396ae : STDOUT: 2022-11-20 09:47:08+00:00 [Note] [Entrypoint]: Temporary server started.
2022-11-20 10:47:12.577  INFO 8704 --- [ream-1654906699] eConfig$$EnhancerBySpringCGLIB$$f71396ae : STDERR: Warning: Unable to load '/usr/share/zoneinfo/iso3166.tab' as time zone. Skipping it.
2022-11-20 10:47:12.579  INFO 8704 --- [ream-1654906699] eConfig$$EnhancerBySpringCGLIB$$f71396ae : STDERR: Warning: Unable to load '/usr/share/zoneinfo/leap-seconds.list' as time zone. Skipping it.
2022-11-20 10:47:20.524  INFO 8704 --- [ream-1654906699] eConfig$$EnhancerBySpringCGLIB$$f71396ae : STDERR: Warning: Unable to load '/usr/share/zoneinfo/zone.tab' as time zone. Skipping it.
2022-11-20 10:47:20.524  INFO 8704 --- [ream-1654906699] eConfig$$EnhancerBySpringCGLIB$$f71396ae : STDERR: Warning: Unable to load '/usr/share/zoneinfo/zone1970.tab' as time zone. Skipping it.
2022-11-20 10:47:21.246  INFO 8704 --- [ream-1654906699] eConfig$$EnhancerBySpringCGLIB$$f71396ae : STDOUT: 2022-11-20 09:47:21+00:00 [Note] [Entrypoint]: Creating database file_upload
2022-11-20 10:47:21.380  INFO 8704 --- [ream-1654906699] eConfig$$EnhancerBySpringCGLIB$$f71396ae : STDOUT: 2022-11-20 09:47:21+00:00 [Note] [Entrypoint]: Creating user username
2022-11-20 10:47:21.518  INFO 8704 --- [ream-1654906699] eConfig$$EnhancerBySpringCGLIB$$f71396ae : STDOUT: 2022-11-20 09:47:21+00:00 [Note] [Entrypoint]: Giving user username access to schema file_upload
2022-11-20 10:47:21.603  INFO 8704 --- [ream-1654906699] eConfig$$EnhancerBySpringCGLIB$$f71396ae : STDOUT: 
2022-11-20 10:47:21.622  INFO 8704 --- [ream-1654906699] eConfig$$EnhancerBySpringCGLIB$$f71396ae : STDOUT: 2022-11-20 09:47:21+00:00 [Note] [Entrypoint]: Stopping temporary server
2022-11-20 10:47:21.688  INFO 8704 --- [ream-1654906699] eConfig$$EnhancerBySpringCGLIB$$f71396ae : STDERR: 2022-11-20T09:47:21.687329Z 13 [System] [MY-013172] [Server] Received SHUTDOWN from user root. Shutting down mysqld (Version: 8.0.28).
2022-11-20 10:47:22.341  INFO 8704 --- [ream-1654906699] eConfig$$EnhancerBySpringCGLIB$$f71396ae : STDERR: 2022-11-20T09:47:22.340430Z 0 [System] [MY-010910] [Server] /usr/sbin/mysqld: Shutdown complete (mysqld 8.0.28)  MySQL Community Server - GPL.
2022-11-20 10:47:22.718  INFO 8704 --- [ream-1654906699] eConfig$$EnhancerBySpringCGLIB$$f71396ae : STDOUT: 2022-11-20 09:47:22+00:00 [Note] [Entrypoint]: Temporary server stopped
2022-11-20 10:47:22.718  INFO 8704 --- [ream-1654906699] eConfig$$EnhancerBySpringCGLIB$$f71396ae : STDOUT: 
2022-11-20 10:47:22.737  INFO 8704 --- [ream-1654906699] eConfig$$EnhancerBySpringCGLIB$$f71396ae : STDOUT: 2022-11-20 09:47:22+00:00 [Note] [Entrypoint]: MySQL init process done. Ready for start up.
2022-11-20 10:47:22.737  INFO 8704 --- [ream-1654906699] eConfig$$EnhancerBySpringCGLIB$$f71396ae : STDOUT: 
2022-11-20 10:47:23.155  INFO 8704 --- [ream-1654906699] eConfig$$EnhancerBySpringCGLIB$$f71396ae : STDERR: 2022-11-20T09:47:23.103337Z 0 [System] [MY-010116] [Server] /usr/sbin/mysqld (mysqld 8.0.28) starting as process 1
2022-11-20 10:47:23.202  INFO 8704 --- [ream-1654906699] eConfig$$EnhancerBySpringCGLIB$$f71396ae : STDERR: 2022-11-20T09:47:23.200707Z 1 [System] [MY-013576] [InnoDB] InnoDB initialization has started.
2022-11-20 10:47:23.225  INFO 8704 --- [ream-1654906699] eConfig$$EnhancerBySpringCGLIB$$f71396ae : STDERR: 2022-11-20T09:47:23.225078Z 1 [ERROR] [MY-012585] [InnoDB] Linux Native AIO interface is not supported on this platform. Please check your OS documentation and install appropriate binary of InnoDB.
2022-11-20 10:47:23.226  INFO 8704 --- [ream-1654906699] eConfig$$EnhancerBySpringCGLIB$$f71396ae : STDERR: 2022-11-20T09:47:23.225370Z 1 [Warning] [MY-012654] [InnoDB] Linux Native AIO disabled.
2022-11-20 10:47:23.434  INFO 8704 --- [ream-1654906699] eConfig$$EnhancerBySpringCGLIB$$f71396ae : STDERR: 2022-11-20T09:47:23.433765Z 1 [System] [MY-013577] [InnoDB] InnoDB initialization has ended.
2022-11-20 10:47:24.586  INFO 8704 --- [ream-1654906699] eConfig$$EnhancerBySpringCGLIB$$f71396ae : STDERR: 2022-11-20T09:47:24.585707Z 0 [Warning] [MY-010068] [Server] CA certificate ca.pem is self signed.
2022-11-20 10:47:24.586  INFO 8704 --- [ream-1654906699] eConfig$$EnhancerBySpringCGLIB$$f71396ae : STDERR: 2022-11-20T09:47:24.586464Z 0 [System] [MY-013602] [Server] Channel mysql_main configured to support TLS. Encrypted connections are now supported for this channel.
2022-11-20 10:47:24.592  INFO 8704 --- [ream-1654906699] eConfig$$EnhancerBySpringCGLIB$$f71396ae : STDERR: 2022-11-20T09:47:24.591733Z 0 [Warning] [MY-011810] [Server] Insecure configuration for --pid-file: Location '/var/run/mysqld' in the path is accessible to all OS users. Consider choosing a different directory.
2022-11-20 10:47:24.794  INFO 8704 --- [ream-1654906699] eConfig$$EnhancerBySpringCGLIB$$f71396ae : STDERR: 2022-11-20T09:47:24.793510Z 0 [System] [MY-011323] [Server] X Plugin ready for connections. Bind-address: '::' port: 33060, socket: /var/run/mysqld/mysqlx.sock
2022-11-20 10:47:24.796  INFO 8704 --- [ream-1654906699] eConfig$$EnhancerBySpringCGLIB$$f71396ae : STDERR: 2022-11-20T09:47:24.795071Z 0 [System] [MY-010931] [Server] /usr/sbin/mysqld: ready for connections. Version: '8.0.28'  socket: '/var/run/mysqld/mysqld.sock'  port: 3306  MySQL Community Server - GPL.
2022-11-20 10:47:24.918  INFO 8704 --- [           main] docker[mysql:8.0]                        : Container is started (JDBC URL: jdbc:mysql://localhost:55014/file_upload?createDatabaseIfNotExist=true&serverTimezone=UTC)
2022-11-20 10:47:24.918  INFO 8704 --- [           main] docker[mysql:8.0]                        : Container mysql:8.0 started in PT38.112477S
2022-11-20 10:47:25.002  INFO 8704 --- [           main] com.zaxxer.hikari.HikariDataSource       : HikariPool-1 - Starting...
2022-11-20 10:47:25.097  INFO 8704 --- [           main] com.zaxxer.hikari.HikariDataSource       : HikariPool-1 - Start completed.
2022-11-20 10:47:25.578  INFO 8704 --- [           main] liquibase.lockservice                    : Successfully acquired change log lock
2022-11-20 10:47:25.741  INFO 8704 --- [           main] liquibase.changelog                      : Creating database history table with name: file_upload.DATABASECHANGELOG
2022-11-20 10:47:25.811  INFO 8704 --- [           main] liquibase.changelog                      : Reading from file_upload.DATABASECHANGELOG
Running Changeset: db/db.file-upload-changelog.xml::1619276720000-1::dduru (generated)
2022-11-20 10:47:25.994  INFO 8704 --- [           main] liquibase.changelog                      : Table upl_file_upload created
2022-11-20 10:47:25.996  INFO 8704 --- [           main] liquibase.changelog                      : ChangeSet db/db.file-upload-changelog.xml::1619276720000-1::dduru (generated) ran successfully in 54ms
Running Changeset: db/db.file-upload-changelog.xml::1634246089072-4::dduru (generated)
2022-11-20 10:47:26.088  INFO 8704 --- [           main] liquibase.changelog                      : Columns public_url(TEXT) added to upl_file_upload
2022-11-20 10:47:26.090  INFO 8704 --- [           main] liquibase.changelog                      : ChangeSet db/db.file-upload-changelog.xml::1634246089072-4::dduru (generated) ran successfully in 79ms
2022-11-20 10:47:26.110  INFO 8704 --- [           main] liquibase.lockservice                    : Successfully released change log lock
2022-11-20 10:47:26.157  INFO 8704 --- [           main] o.hibernate.jpa.internal.util.LogHelper  : HHH000204: Processing PersistenceUnitInfo [name: default]
2022-11-20 10:47:26.189  INFO 8704 --- [           main] org.hibernate.Version                    : HHH000412: Hibernate ORM core version 5.6.10.Final
2022-11-20 10:47:26.251  INFO 8704 --- [           main] o.hibernate.annotations.common.Version   : HCANN000001: Hibernate Commons Annotations {5.1.2.Final}
2022-11-20 10:47:26.300  INFO 8704 --- [           main] org.hibernate.dialect.Dialect            : HHH000400: Using dialect: org.hibernate.dialect.MySQL8Dialect
2022-11-20 10:47:26.531  INFO 8704 --- [           main] o.h.e.t.j.p.i.JtaPlatformInitiator       : HHH000490: Using JtaPlatform implementation: [org.hibernate.engine.transaction.jta.platform.internal.NoJtaPlatform]
2022-11-20 10:47:26.534  INFO 8704 --- [           main] j.LocalContainerEntityManagerFactoryBean : Initialized JPA EntityManagerFactory for persistence unit 'default'
2022-11-20 10:47:26.539  WARN 8704 --- [           main] o.s.w.c.s.GenericWebApplicationContext   : Exception encountered during context initialization - cancelling refresh attempt: org.springframework.beans.factory.UnsatisfiedDependencyException: Error creating bean with name 'fileUploadProvider' defined in file [/Users/dduru/IdeaProjects/Private/libs/file-uploader-jpa/target/test-classes/com/julianduru/fileuploader/data/FileUploadProvider.class]: Unsatisfied dependency expressed through constructor parameter 0; nested exception is org.springframework.beans.factory.UnsatisfiedDependencyException: Error creating bean with name 'jpaFileUploadRepositoryImpl' defined in file [/Users/dduru/IdeaProjects/Private/libs/file-uploader-jpa/target/classes/com/julianduru/fileuploader/module/JpaFileUploadRepositoryImpl.class]: Unsatisfied dependency expressed through constructor parameter 0; nested exception is org.springframework.beans.factory.BeanCurrentlyInCreationException: Error creating bean with name 'jpaFileUploadRepositoryImpl': Requested bean is currently in creation: Is there an unresolvable circular reference?
2022-11-20 10:47:26.539  INFO 8704 --- [           main] j.LocalContainerEntityManagerFactoryBean : Closing JPA EntityManagerFactory for persistence unit 'default'
2022-11-20 10:47:26.540  INFO 8704 --- [           main] com.zaxxer.hikari.HikariDataSource       : HikariPool-1 - Shutdown initiated...
2022-11-20 10:47:26.553  INFO 8704 --- [           main] com.zaxxer.hikari.HikariDataSource       : HikariPool-1 - Shutdown completed.
2022-11-20 10:47:26.738  INFO 8704 --- [           main] ConditionEvaluationReportLoggingListener : 

Error starting ApplicationContext. To display the conditions report re-run your application with 'debug' enabled.
2022-11-20 10:47:26.749 ERROR 8704 --- [           main] o.s.b.d.LoggingFailureAnalysisReporter   : 

***************************
APPLICATION FAILED TO START
***************************

Description:

The dependencies of some of the beans in the application context form a cycle:

   fileUploadProvider defined in file [/Users/dduru/IdeaProjects/Private/libs/file-uploader-jpa/target/test-classes/com/julianduru/fileuploader/data/FileUploadProvider.class]
???????
|  jpaFileUploadRepositoryImpl defined in file [/Users/dduru/IdeaProjects/Private/libs/file-uploader-jpa/target/classes/com/julianduru/fileuploader/module/JpaFileUploadRepositoryImpl.class]
???????


Action:

Relying upon circular references is discouraged and they are prohibited by default. Update your application to remove the dependency cycle between beans. As a last resort, it may be possible to break the cycle automatically by setting spring.main.allow-circular-references to true.

2022-11-20 10:47:26.751 ERROR 8704 --- [           main] o.s.test.context.TestContextManager      : Caught exception while allowing TestExecutionListener [org.springframework.test.context.web.ServletTestExecutionListener@59a008ba] to prepare test instance [com.julianduru.fileuploader.providers.cloudinary.CloudinaryFileUploaderTest@7bbc11ed]

java.lang.IllegalStateException: Failed to load ApplicationContext
	at org.springframework.test.context.cache.DefaultCacheAwareContextLoaderDelegate.loadContext(DefaultCacheAwareContextLoaderDelegate.java:132) ~[spring-test-5.3.22.jar:5.3.22]
	at org.springframework.test.context.support.DefaultTestContext.getApplicationContext(DefaultTestContext.java:124) ~[spring-test-5.3.22.jar:5.3.22]
	at org.springframework.test.context.web.ServletTestExecutionListener.setUpRequestContextIfNecessary(ServletTestExecutionListener.java:190) ~[spring-test-5.3.22.jar:5.3.22]
	at org.springframework.test.context.web.ServletTestExecutionListener.prepareTestInstance(ServletTestExecutionListener.java:132) ~[spring-test-5.3.22.jar:5.3.22]
	at org.springframework.test.context.TestContextManager.prepareTestInstance(TestContextManager.java:248) ~[spring-test-5.3.22.jar:5.3.22]
	at org.springframework.test.context.junit.jupiter.SpringExtension.postProcessTestInstance(SpringExtension.java:138) ~[spring-test-5.3.22.jar:5.3.22]
	at org.junit.jupiter.engine.descriptor.ClassBasedTestDescriptor.lambda$invokeTestInstancePostProcessors$8(ClassBasedTestDescriptor.java:363) ~[junit-jupiter-engine-5.8.2.jar:5.8.2]
	at org.junit.jupiter.engine.descriptor.ClassBasedTestDescriptor.executeAndMaskThrowable(ClassBasedTestDescriptor.java:368) ~[junit-jupiter-engine-5.8.2.jar:5.8.2]
	at org.junit.jupiter.engine.descriptor.ClassBasedTestDescriptor.lambda$invokeTestInstancePostProcessors$9(ClassBasedTestDescriptor.java:363) ~[junit-jupiter-engine-5.8.2.jar:5.8.2]
	at java.base/java.util.stream.ReferencePipeline$3$1.accept(ReferencePipeline.java:197) ~[na:na]
	at java.base/java.util.stream.ReferencePipeline$2$1.accept(ReferencePipeline.java:179) ~[na:na]
	at java.base/java.util.ArrayList$ArrayListSpliterator.forEachRemaining(ArrayList.java:1625) ~[na:na]
	at java.base/java.util.stream.AbstractPipeline.copyInto(AbstractPipeline.java:509) ~[na:na]
	at java.base/java.util.stream.AbstractPipeline.wrapAndCopyInto(AbstractPipeline.java:499) ~[na:na]
	at java.base/java.util.stream.StreamSpliterators$WrappingSpliterator.forEachRemaining(StreamSpliterators.java:310) ~[na:na]
	at java.base/java.util.stream.Streams$ConcatSpliterator.forEachRemaining(Streams.java:735) ~[na:na]
	at java.base/java.util.stream.Streams$ConcatSpliterator.forEachRemaining(Streams.java:734) ~[na:na]
	at java.base/java.util.stream.ReferencePipeline$Head.forEach(ReferencePipeline.java:762) ~[na:na]
	at org.junit.jupiter.engine.descriptor.ClassBasedTestDescriptor.invokeTestInstancePostProcessors(ClassBasedTestDescriptor.java:362) ~[junit-jupiter-engine-5.8.2.jar:5.8.2]
	at org.junit.jupiter.engine.descriptor.ClassBasedTestDescriptor.lambda$instantiateAndPostProcessTestInstance$6(ClassBasedTestDescriptor.java:283) ~[junit-jupiter-engine-5.8.2.jar:5.8.2]
	at org.junit.platform.engine.support.hierarchical.ThrowableCollector.execute(ThrowableCollector.java:73) ~[junit-platform-engine-1.8.2.jar:1.8.2]
	at org.junit.jupiter.engine.descriptor.ClassBasedTestDescriptor.instantiateAndPostProcessTestInstance(ClassBasedTestDescriptor.java:282) ~[junit-jupiter-engine-5.8.2.jar:5.8.2]
	at org.junit.jupiter.engine.descriptor.ClassBasedTestDescriptor.lambda$testInstancesProvider$4(ClassBasedTestDescriptor.java:272) ~[junit-jupiter-engine-5.8.2.jar:5.8.2]
	at java.base/java.util.Optional.orElseGet(Optional.java:364) ~[na:na]
	at org.junit.jupiter.engine.descriptor.ClassBasedTestDescriptor.lambda$testInstancesProvider$5(ClassBasedTestDescriptor.java:271) ~[junit-jupiter-engine-5.8.2.jar:5.8.2]
	at org.junit.jupiter.engine.execution.TestInstancesProvider.getTestInstances(TestInstancesProvider.java:31) ~[junit-jupiter-engine-5.8.2.jar:5.8.2]
	at org.junit.jupiter.engine.descriptor.TestMethodTestDescriptor.lambda$prepare$0(TestMethodTestDescriptor.java:102) ~[junit-jupiter-engine-5.8.2.jar:5.8.2]
	at org.junit.platform.engine.support.hierarchical.ThrowableCollector.execute(ThrowableCollector.java:73) ~[junit-platform-engine-1.8.2.jar:1.8.2]
	at org.junit.jupiter.engine.descriptor.TestMethodTestDescriptor.prepare(TestMethodTestDescriptor.java:101) ~[junit-jupiter-engine-5.8.2.jar:5.8.2]
	at org.junit.jupiter.engine.descriptor.TestMethodTestDescriptor.prepare(TestMethodTestDescriptor.java:66) ~[junit-jupiter-engine-5.8.2.jar:5.8.2]
	at org.junit.platform.engine.support.hierarchical.NodeTestTask.lambda$prepare$2(NodeTestTask.java:123) ~[junit-platform-engine-1.8.2.jar:1.8.2]
	at org.junit.platform.engine.support.hierarchical.ThrowableCollector.execute(ThrowableCollector.java:73) ~[junit-platform-engine-1.8.2.jar:1.8.2]
	at org.junit.platform.engine.support.hierarchical.NodeTestTask.prepare(NodeTestTask.java:123) ~[junit-platform-engine-1.8.2.jar:1.8.2]
	at org.junit.platform.engine.support.hierarchical.NodeTestTask.execute(NodeTestTask.java:90) ~[junit-platform-engine-1.8.2.jar:1.8.2]
	at java.base/java.util.ArrayList.forEach(ArrayList.java:1511) ~[na:na]
	at org.junit.platform.engine.support.hierarchical.SameThreadHierarchicalTestExecutorService.invokeAll(SameThreadHierarchicalTestExecutorService.java:41) ~[junit-platform-engine-1.8.2.jar:1.8.2]
	at org.junit.platform.engine.support.hierarchical.NodeTestTask.lambda$executeRecursively$6(NodeTestTask.java:155) ~[junit-platform-engine-1.8.2.jar:1.8.2]
	at org.junit.platform.engine.support.hierarchical.ThrowableCollector.execute(ThrowableCollector.java:73) ~[junit-platform-engine-1.8.2.jar:1.8.2]
	at org.junit.platform.engine.support.hierarchical.NodeTestTask.lambda$executeRecursively$8(NodeTestTask.java:141) ~[junit-platform-engine-1.8.2.jar:1.8.2]
	at org.junit.platform.engine.support.hierarchical.Node.around(Node.java:137) ~[junit-platform-engine-1.8.2.jar:1.8.2]
	at org.junit.platform.engine.support.hierarchical.NodeTestTask.lambda$executeRecursively$9(NodeTestTask.java:139) ~[junit-platform-engine-1.8.2.jar:1.8.2]
	at org.junit.platform.engine.support.hierarchical.ThrowableCollector.execute(ThrowableCollector.java:73) ~[junit-platform-engine-1.8.2.jar:1.8.2]
	at org.junit.platform.engine.support.hierarchical.NodeTestTask.executeRecursively(NodeTestTask.java:138) ~[junit-platform-engine-1.8.2.jar:1.8.2]
	at org.junit.platform.engine.support.hierarchical.NodeTestTask.execute(NodeTestTask.java:95) ~[junit-platform-engine-1.8.2.jar:1.8.2]
	at java.base/java.util.ArrayList.forEach(ArrayList.java:1511) ~[na:na]
	at org.junit.platform.engine.support.hierarchical.SameThreadHierarchicalTestExecutorService.invokeAll(SameThreadHierarchicalTestExecutorService.java:41) ~[junit-platform-engine-1.8.2.jar:1.8.2]
	at org.junit.platform.engine.support.hierarchical.NodeTestTask.lambda$executeRecursively$6(NodeTestTask.java:155) ~[junit-platform-engine-1.8.2.jar:1.8.2]
	at org.junit.platform.engine.support.hierarchical.ThrowableCollector.execute(ThrowableCollector.java:73) ~[junit-platform-engine-1.8.2.jar:1.8.2]
	at org.junit.platform.engine.support.hierarchical.NodeTestTask.lambda$executeRecursively$8(NodeTestTask.java:141) ~[junit-platform-engine-1.8.2.jar:1.8.2]
	at org.junit.platform.engine.support.hierarchical.Node.around(Node.java:137) ~[junit-platform-engine-1.8.2.jar:1.8.2]
	at org.junit.platform.engine.support.hierarchical.NodeTestTask.lambda$executeRecursively$9(NodeTestTask.java:139) ~[junit-platform-engine-1.8.2.jar:1.8.2]
	at org.junit.platform.engine.support.hierarchical.ThrowableCollector.execute(ThrowableCollector.java:73) ~[junit-platform-engine-1.8.2.jar:1.8.2]
	at org.junit.platform.engine.support.hierarchical.NodeTestTask.executeRecursively(NodeTestTask.java:138) ~[junit-platform-engine-1.8.2.jar:1.8.2]
	at org.junit.platform.engine.support.hierarchical.NodeTestTask.execute(NodeTestTask.java:95) ~[junit-platform-engine-1.8.2.jar:1.8.2]
	at org.junit.platform.engine.support.hierarchical.SameThreadHierarchicalTestExecutorService.submit(SameThreadHierarchicalTestExecutorService.java:35) ~[junit-platform-engine-1.8.2.jar:1.8.2]
	at org.junit.platform.engine.support.hierarchical.HierarchicalTestExecutor.execute(HierarchicalTestExecutor.java:57) ~[junit-platform-engine-1.8.2.jar:1.8.2]
	at org.junit.platform.engine.support.hierarchical.HierarchicalTestEngine.execute(HierarchicalTestEngine.java:54) ~[junit-platform-engine-1.8.2.jar:1.8.2]
	at org.junit.platform.launcher.core.DefaultLauncher.execute(DefaultLauncher.java:220) ~[junit-platform-launcher-1.3.1.jar:1.3.1]
	at org.junit.platform.launcher.core.DefaultLauncher.lambda$execute$6(DefaultLauncher.java:188) ~[junit-platform-launcher-1.3.1.jar:1.3.1]
	at org.junit.platform.launcher.core.DefaultLauncher.withInterceptedStreams(DefaultLauncher.java:202) ~[junit-platform-launcher-1.3.1.jar:1.3.1]
	at org.junit.platform.launcher.core.DefaultLauncher.execute(DefaultLauncher.java:181) ~[junit-platform-launcher-1.3.1.jar:1.3.1]
	at org.junit.platform.launcher.core.DefaultLauncher.execute(DefaultLauncher.java:128) ~[junit-platform-launcher-1.3.1.jar:1.3.1]
	at org.apache.maven.surefire.junitplatform.JUnitPlatformProvider.invokeAllTests(JUnitPlatformProvider.java:150) ~[surefire-junit-platform-2.22.2.jar:2.22.2]
	at org.apache.maven.surefire.junitplatform.JUnitPlatformProvider.invoke(JUnitPlatformProvider.java:124) ~[surefire-junit-platform-2.22.2.jar:2.22.2]
	at org.apache.maven.surefire.booter.ForkedBooter.invokeProviderInSameClassLoader(ForkedBooter.java:384) ~[surefire-booter-2.22.2.jar:2.22.2]
	at org.apache.maven.surefire.booter.ForkedBooter.runSuitesInProcess(ForkedBooter.java:345) ~[surefire-booter-2.22.2.jar:2.22.2]
	at org.apache.maven.surefire.booter.ForkedBooter.execute(ForkedBooter.java:126) ~[surefire-booter-2.22.2.jar:2.22.2]
	at org.apache.maven.surefire.booter.ForkedBooter.main(ForkedBooter.java:418) ~[surefire-booter-2.22.2.jar:2.22.2]
Caused by: org.springframework.beans.factory.UnsatisfiedDependencyException: Error creating bean with name 'fileUploadProvider' defined in file [/Users/dduru/IdeaProjects/Private/libs/file-uploader-jpa/target/test-classes/com/julianduru/fileuploader/data/FileUploadProvider.class]: Unsatisfied dependency expressed through constructor parameter 0; nested exception is org.springframework.beans.factory.UnsatisfiedDependencyException: Error creating bean with name 'jpaFileUploadRepositoryImpl' defined in file [/Users/dduru/IdeaProjects/Private/libs/file-uploader-jpa/target/classes/com/julianduru/fileuploader/module/JpaFileUploadRepositoryImpl.class]: Unsatisfied dependency expressed through constructor parameter 0; nested exception is org.springframework.beans.factory.BeanCurrentlyInCreationException: Error creating bean with name 'jpaFileUploadRepositoryImpl': Requested bean is currently in creation: Is there an unresolvable circular reference?
	at org.springframework.beans.factory.support.ConstructorResolver.createArgumentArray(ConstructorResolver.java:800) ~[spring-beans-5.3.22.jar:5.3.22]
	at org.springframework.beans.factory.support.ConstructorResolver.autowireConstructor(ConstructorResolver.java:229) ~[spring-beans-5.3.22.jar:5.3.22]
	at org.springframework.beans.factory.support.AbstractAutowireCapableBeanFactory.autowireConstructor(AbstractAutowireCapableBeanFactory.java:1372) ~[spring-beans-5.3.22.jar:5.3.22]
	at org.springframework.beans.factory.support.AbstractAutowireCapableBeanFactory.createBeanInstance(AbstractAutowireCapableBeanFactory.java:1222) ~[spring-beans-5.3.22.jar:5.3.22]
	at org.springframework.beans.factory.support.AbstractAutowireCapableBeanFactory.doCreateBean(AbstractAutowireCapableBeanFactory.java:582) ~[spring-beans-5.3.22.jar:5.3.22]
	at org.springframework.beans.factory.support.AbstractAutowireCapableBeanFactory.createBean(AbstractAutowireCapableBeanFactory.java:542) ~[spring-beans-5.3.22.jar:5.3.22]
	at org.springframework.beans.factory.support.AbstractBeanFactory.lambda$doGetBean$0(AbstractBeanFactory.java:335) ~[spring-beans-5.3.22.jar:5.3.22]
	at org.springframework.beans.factory.support.DefaultSingletonBeanRegistry.getSingleton(DefaultSingletonBeanRegistry.java:234) ~[spring-beans-5.3.22.jar:5.3.22]
	at org.springframework.beans.factory.support.AbstractBeanFactory.doGetBean(AbstractBeanFactory.java:333) ~[spring-beans-5.3.22.jar:5.3.22]
	at org.springframework.beans.factory.support.AbstractBeanFactory.getBean(AbstractBeanFactory.java:208) ~[spring-beans-5.3.22.jar:5.3.22]
	at org.springframework.beans.factory.support.DefaultListableBeanFactory.preInstantiateSingletons(DefaultListableBeanFactory.java:955) ~[spring-beans-5.3.22.jar:5.3.22]
	at org.springframework.context.support.AbstractApplicationContext.finishBeanFactoryInitialization(AbstractApplicationContext.java:918) ~[spring-context-5.3.22.jar:5.3.22]
	at org.springframework.context.support.AbstractApplicationContext.refresh(AbstractApplicationContext.java:583) ~[spring-context-5.3.22.jar:5.3.22]
	at org.springframework.boot.SpringApplication.refresh(SpringApplication.java:734) ~[spring-boot-2.7.3.jar:2.7.3]
	at org.springframework.boot.SpringApplication.refreshContext(SpringApplication.java:408) ~[spring-boot-2.7.3.jar:2.7.3]
	at org.springframework.boot.SpringApplication.run(SpringApplication.java:308) ~[spring-boot-2.7.3.jar:2.7.3]
	at org.springframework.boot.test.context.SpringBootContextLoader.loadContext(SpringBootContextLoader.java:132) ~[spring-boot-test-2.7.3.jar:2.7.3]
	at org.springframework.test.context.cache.DefaultCacheAwareContextLoaderDelegate.loadContextInternal(DefaultCacheAwareContextLoaderDelegate.java:99) ~[spring-test-5.3.22.jar:5.3.22]
	at org.springframework.test.context.cache.DefaultCacheAwareContextLoaderDelegate.loadContext(DefaultCacheAwareContextLoaderDelegate.java:124) ~[spring-test-5.3.22.jar:5.3.22]
	... 67 common frames omitted
Caused by: org.springframework.beans.factory.UnsatisfiedDependencyException: Error creating bean with name 'jpaFileUploadRepositoryImpl' defined in file [/Users/dduru/IdeaProjects/Private/libs/file-uploader-jpa/target/classes/com/julianduru/fileuploader/module/JpaFileUploadRepositoryImpl.class]: Unsatisfied dependency expressed through constructor parameter 0; nested exception is org.springframework.beans.factory.BeanCurrentlyInCreationException: Error creating bean with name 'jpaFileUploadRepositoryImpl': Requested bean is currently in creation: Is there an unresolvable circular reference?
	at org.springframework.beans.factory.support.ConstructorResolver.createArgumentArray(ConstructorResolver.java:800) ~[spring-beans-5.3.22.jar:5.3.22]
	at org.springframework.beans.factory.support.ConstructorResolver.autowireConstructor(ConstructorResolver.java:229) ~[spring-beans-5.3.22.jar:5.3.22]
	at org.springframework.beans.factory.support.AbstractAutowireCapableBeanFactory.autowireConstructor(AbstractAutowireCapableBeanFactory.java:1372) ~[spring-beans-5.3.22.jar:5.3.22]
	at org.springframework.beans.factory.support.AbstractAutowireCapableBeanFactory.createBeanInstance(AbstractAutowireCapableBeanFactory.java:1222) ~[spring-beans-5.3.22.jar:5.3.22]
	at org.springframework.beans.factory.support.AbstractAutowireCapableBeanFactory.doCreateBean(AbstractAutowireCapableBeanFactory.java:582) ~[spring-beans-5.3.22.jar:5.3.22]
	at org.springframework.beans.factory.support.AbstractAutowireCapableBeanFactory.createBean(AbstractAutowireCapableBeanFactory.java:542) ~[spring-beans-5.3.22.jar:5.3.22]
	at org.springframework.beans.factory.support.AbstractBeanFactory.lambda$doGetBean$0(AbstractBeanFactory.java:335) ~[spring-beans-5.3.22.jar:5.3.22]
	at org.springframework.beans.factory.support.DefaultSingletonBeanRegistry.getSingleton(DefaultSingletonBeanRegistry.java:234) ~[spring-beans-5.3.22.jar:5.3.22]
	at org.springframework.beans.factory.support.AbstractBeanFactory.doGetBean(AbstractBeanFactory.java:333) ~[spring-beans-5.3.22.jar:5.3.22]
	at org.springframework.beans.factory.support.AbstractBeanFactory.getBean(AbstractBeanFactory.java:208) ~[spring-beans-5.3.22.jar:5.3.22]
	at org.springframework.beans.factory.support.AbstractBeanFactory.doGetBean(AbstractBeanFactory.java:322) ~[spring-beans-5.3.22.jar:5.3.22]
	at org.springframework.beans.factory.support.AbstractBeanFactory.getBean(AbstractBeanFactory.java:208) ~[spring-beans-5.3.22.jar:5.3.22]
	at org.springframework.beans.factory.config.DependencyDescriptor.resolveCandidate(DependencyDescriptor.java:276) ~[spring-beans-5.3.22.jar:5.3.22]
	at org.springframework.beans.factory.support.DefaultListableBeanFactory.doResolveDependency(DefaultListableBeanFactory.java:1391) ~[spring-beans-5.3.22.jar:5.3.22]
	at org.springframework.beans.factory.support.DefaultListableBeanFactory.resolveDependency(DefaultListableBeanFactory.java:1311) ~[spring-beans-5.3.22.jar:5.3.22]
	at org.springframework.beans.factory.support.ConstructorResolver.resolveAutowiredArgument(ConstructorResolver.java:887) ~[spring-beans-5.3.22.jar:5.3.22]
	at org.springframework.beans.factory.support.ConstructorResolver.createArgumentArray(ConstructorResolver.java:791) ~[spring-beans-5.3.22.jar:5.3.22]
	... 85 common frames omitted
Caused by: org.springframework.beans.factory.BeanCurrentlyInCreationException: Error creating bean with name 'jpaFileUploadRepositoryImpl': Requested bean is currently in creation: Is there an unresolvable circular reference?
	at org.springframework.beans.factory.support.DefaultSingletonBeanRegistry.beforeSingletonCreation(DefaultSingletonBeanRegistry.java:355) ~[spring-beans-5.3.22.jar:5.3.22]
	at org.springframework.beans.factory.support.DefaultSingletonBeanRegistry.getSingleton(DefaultSingletonBeanRegistry.java:227) ~[spring-beans-5.3.22.jar:5.3.22]
	at org.springframework.beans.factory.support.AbstractBeanFactory.doGetBean(AbstractBeanFactory.java:333) ~[spring-beans-5.3.22.jar:5.3.22]
	at org.springframework.beans.factory.support.AbstractBeanFactory.getBean(AbstractBeanFactory.java:208) ~[spring-beans-5.3.22.jar:5.3.22]
	at org.springframework.beans.factory.support.AbstractBeanFactory.doGetBean(AbstractBeanFactory.java:322) ~[spring-beans-5.3.22.jar:5.3.22]
	at org.springframework.beans.factory.support.AbstractBeanFactory.getBean(AbstractBeanFactory.java:208) ~[spring-beans-5.3.22.jar:5.3.22]
	at org.springframework.beans.factory.config.DependencyDescriptor.resolveCandidate(DependencyDescriptor.java:276) ~[spring-beans-5.3.22.jar:5.3.22]
	at org.springframework.beans.factory.support.DefaultListableBeanFactory.doResolveDependency(DefaultListableBeanFactory.java:1391) ~[spring-beans-5.3.22.jar:5.3.22]
	at org.springframework.beans.factory.support.DefaultListableBeanFactory.resolveDependency(DefaultListableBeanFactory.java:1311) ~[spring-beans-5.3.22.jar:5.3.22]
	at org.springframework.beans.factory.support.ConstructorResolver.resolveAutowiredArgument(ConstructorResolver.java:887) ~[spring-beans-5.3.22.jar:5.3.22]
	at org.springframework.beans.factory.support.ConstructorResolver.createArgumentArray(ConstructorResolver.java:791) ~[spring-beans-5.3.22.jar:5.3.22]
	... 101 common frames omitted

]]></system-out>
  </testcase>
</testsuite>