<?xml version="1.0" encoding="UTF-8"?>
<testsuite xmlns:xsi="http://www.w3.org/2001/XMLSchema-instance" xsi:noNamespaceSchemaLocation="https://maven.apache.org/surefire/maven-surefire-plugin/xsd/surefire-test-report.xsd" name="com.julianduru.fileuploader.controller.FileControllerTest" time="35.587" tests="1" errors="1" skipped="0" failures="0">
  <properties>
[...]
</properties>
  <testcase name="testFetchingFileData" classname="com.julianduru.fileuploader.controller.FileControllerTest" time="0">
    <error message="Failed to load ApplicationContext" type="java.lang.IllegalStateException">java.lang.IllegalStateException: Failed to load ApplicationContext
Caused by: org.springframework.beans.factory.UnsatisfiedDependencyException: Error creating bean with name 'fileUploadProvider' defined in file [/Users/dduru/IdeaProjects/Private/libs/file-uploader-jpa/target/test-classes/com/julianduru/fileuploader/data/FileUploadProvider.class]: Unsatisfied dependency expressed through constructor parameter 0; nested exception is org.springframework.beans.factory.UnsatisfiedDependencyException: Error creating bean with name 'jpaFileUploadRepositoryImpl' defined in file [/Users/dduru/IdeaProjects/Private/libs/file-uploader-jpa/target/classes/com/julianduru/fileuploader/module/JpaFileUploadRepositoryImpl.class]: Unsatisfied dependency expressed through constructor parameter 0; nested exception is org.springframework.beans.factory.BeanCurrentlyInCreationException: Error creating bean with name 'jpaFileUploadRepositoryImpl': Requested bean is currently in creation: Is there an unresolvable circular reference?
Caused by: org.springframework.beans.factory.UnsatisfiedDependencyException: Error creating bean with name 'jpaFileUploadRepositoryImpl' defined in file [/Users/dduru/IdeaProjects/Private/libs/file-uploader-jpa/target/classes/com/julianduru/fileuploader/module/JpaFileUploadRepositoryImpl.class]: Unsatisfied dependency expressed through constructor parameter 0; nested exception is org.springframework.beans.factory.BeanCurrentlyInCreationException: Error creating bean with name 'jpaFileUploadRepositoryImpl': Requested bean is currently in creation: Is there an unresolvable circular reference?
Caused by: org.springframework.beans.factory.BeanCurrentlyInCreationException: Error creating bean with name 'jpaFileUploadRepositoryImpl': Requested bean is currently in creation: Is there an unresolvable circular reference?
</error>
    <system-out><![CDATA[2022-11-20 10:49:18.198  INFO 8704 --- [           main] .b.t.c.SpringBootTestContextBootstrapper : Neither @ContextConfiguration nor @ContextHierarchy found for test class [com.julianduru.fileuploader.controller.FileControllerTest], using SpringBootContextLoader
2022-11-20 10:49:18.198  INFO 8704 --- [           main] o.s.t.c.support.AbstractContextLoader    : Could not detect default resource locations for test class [com.julianduru.fileuploader.controller.FileControllerTest]: no resource found for suffixes {-context.xml, Context.groovy}.
2022-11-20 10:49:18.204  INFO 8704 --- [           main] .b.t.c.SpringBootTestContextBootstrapper : Loaded default TestExecutionListener class names from location [META-INF/spring.factories]: [org.springframework.boot.test.mock.mockito.MockitoTestExecutionListener, org.springframework.boot.test.mock.mockito.ResetMocksTestExecutionListener, org.springframework.boot.test.autoconfigure.restdocs.RestDocsTestExecutionListener, org.springframework.boot.test.autoconfigure.web.client.MockRestServiceServerResetTestExecutionListener, org.springframework.boot.test.autoconfigure.web.servlet.MockMvcPrintOnlyOnFailureTestExecutionListener, org.springframework.boot.test.autoconfigure.web.servlet.WebDriverTestExecutionListener, org.springframework.boot.test.autoconfigure.webservices.client.MockWebServiceServerTestExecutionListener, org.springframework.test.context.web.ServletTestExecutionListener, org.springframework.test.context.support.DirtiesContextBeforeModesTestExecutionListener, org.springframework.test.context.event.ApplicationEventsTestExecutionListener, org.springframework.test.context.support.DependencyInjectionTestExecutionListener, org.springframework.test.context.support.DirtiesContextTestExecutionListener, org.springframework.test.context.transaction.TransactionalTestExecutionListener, org.springframework.test.context.jdbc.SqlScriptsTestExecutionListener, org.springframework.test.context.event.EventPublishingTestExecutionListener]
2022-11-20 10:49:18.204  INFO 8704 --- [           main] .b.t.c.SpringBootTestContextBootstrapper : Using TestExecutionListeners: [org.springframework.test.context.web.ServletTestExecutionListener@54b88247, org.springframework.test.context.support.DirtiesContextBeforeModesTestExecutionListener@54eea16c, org.springframework.test.context.event.ApplicationEventsTestExecutionListener@7d96618, org.springframework.boot.test.mock.mockito.MockitoTestExecutionListener@678db8be, org.springframework.boot.test.autoconfigure.SpringBootDependencyInjectionTestExecutionListener@77b7a4b2, org.springframework.test.context.support.DirtiesContextTestExecutionListener@56739ee9, org.springframework.test.context.transaction.TransactionalTestExecutionListener@1a56cb99, org.springframework.test.context.jdbc.SqlScriptsTestExecutionListener@1014c825, org.springframework.test.context.event.EventPublishingTestExecutionListener@5acc6ca1, org.springframework.boot.test.mock.mockito.ResetMocksTestExecutionListener@100235c7, org.springframework.boot.test.autoconfigure.restdocs.RestDocsTestExecutionListener@3ca43e5d, org.springframework.boot.test.autoconfigure.web.client.MockRestServiceServerResetTestExecutionListener@a479c0c, org.springframework.boot.test.autoconfigure.web.servlet.MockMvcPrintOnlyOnFailureTestExecutionListener@33d75081, org.springframework.boot.test.autoconfigure.web.servlet.WebDriverTestExecutionListener@327af731, org.springframework.boot.test.autoconfigure.webservices.client.MockWebServiceServerTestExecutionListener@2fb171f5]

  .   ____          _            __ _ _
 /\\ / ___'_ __ _ _(_)_ __  __ _ \ \ \ \
( ( )\___ | '_ | '_| | '_ \/ _` | \ \ \ \
 \\/  ___)| |_)| | | | | || (_| |  ) ) ) )
  '  |____| .__|_| |_|_| |_\__, | / / / /
 =========|_|==============|___/=/_/_/_/
 :: Spring Boot ::                (v2.7.3)

2022-11-20 10:49:18.215  WARN 8704 --- [           main] ory$DuplicateJsonObjectContextCustomizer : 

Found multiple occurrences of org.json.JSONObject on the class path:

	jar:file:/Users/dduru/.m2/repository/org/json/json/20190722/json-20190722.jar!/org/json/JSONObject.class
	jar:file:/Users/dduru/.m2/repository/com/vaadin/external/google/android-json/0.0.20131108.vaadin1/android-json-0.0.20131108.vaadin1.jar!/org/json/JSONObject.class

You may wish to exclude one of them to ensure predictable runtime behavior

2022-11-20 10:49:18.216  INFO 8704 --- [           main] c.j.f.controller.FileControllerTest      : Starting FileControllerTest using Java 17.0.2 on DumebiDurusMBP2.lan with PID 8704 (started by dduru in /Users/dduru/IdeaProjects/Private/libs/file-uploader-jpa)
2022-11-20 10:49:18.216  INFO 8704 --- [           main] c.j.f.controller.FileControllerTest      : No active profile set, falling back to 1 default profile: "default"
2022-11-20 10:49:18.286  INFO 8704 --- [           main] .s.d.r.c.RepositoryConfigurationDelegate : Bootstrapping Spring Data JPA repositories in DEFAULT mode.
2022-11-20 10:49:18.288  INFO 8704 --- [           main] .s.d.r.c.RepositoryConfigurationDelegate : Finished Spring Data repository scanning in 1 ms. Found 1 JPA repository interfaces.
2022-11-20 10:49:18.311  INFO 8704 --- [           main] ptablePropertiesBeanFactoryPostProcessor : Post-processing PropertySource instances
2022-11-20 10:49:18.311  INFO 8704 --- [           main] c.u.j.EncryptablePropertySourceConverter : Converting PropertySource Annotations [org.springframework.boot.test.autoconfigure.properties.AnnotationsPropertySource] to EncryptableEnumerablePropertySourceWrapper
2022-11-20 10:49:18.311  INFO 8704 --- [           main] c.u.j.EncryptablePropertySourceConverter : Skipping PropertySource configurationProperties [class org.springframework.boot.context.properties.source.ConfigurationPropertySourcesPropertySource
2022-11-20 10:49:18.311  INFO 8704 --- [           main] c.u.j.EncryptablePropertySourceConverter : Converting PropertySource test [org.springframework.core.env.MapPropertySource] to EncryptableMapPropertySourceWrapper
2022-11-20 10:49:18.311  INFO 8704 --- [           main] c.u.j.EncryptablePropertySourceConverter : Converting PropertySource Inlined Test Properties [org.springframework.core.env.MapPropertySource] to EncryptableMapPropertySourceWrapper
2022-11-20 10:49:18.311  INFO 8704 --- [           main] c.u.j.EncryptablePropertySourceConverter : Skipping PropertySource servletConfigInitParams [class org.springframework.core.env.PropertySource$StubPropertySource
2022-11-20 10:49:18.311  INFO 8704 --- [           main] c.u.j.EncryptablePropertySourceConverter : Converting PropertySource servletContextInitParams [org.springframework.web.context.support.ServletContextPropertySource] to EncryptableEnumerablePropertySourceWrapper
2022-11-20 10:49:18.311  INFO 8704 --- [           main] c.u.j.EncryptablePropertySourceConverter : Converting PropertySource systemProperties [org.springframework.core.env.PropertiesPropertySource] to EncryptableMapPropertySourceWrapper
2022-11-20 10:49:18.311  INFO 8704 --- [           main] c.u.j.EncryptablePropertySourceConverter : Converting PropertySource systemEnvironment [org.springframework.boot.env.SystemEnvironmentPropertySourceEnvironmentPostProcessor$OriginAwareSystemEnvironmentPropertySource] to EncryptableSystemEnvironmentPropertySourceWrapper
2022-11-20 10:49:18.311  INFO 8704 --- [           main] c.u.j.EncryptablePropertySourceConverter : Converting PropertySource random [org.springframework.boot.env.RandomValuePropertySource] to EncryptablePropertySourceWrapper
2022-11-20 10:49:18.311  INFO 8704 --- [           main] c.u.j.EncryptablePropertySourceConverter : Converting PropertySource Config resource 'class path resource [application.properties]' via location 'optional:classpath:/' [org.springframework.boot.env.OriginTrackedMapPropertySource] to EncryptableMapPropertySourceWrapper
2022-11-20 10:49:18.326  INFO 8704 --- [           main] c.u.j.filter.DefaultLazyPropertyFilter   : Property Filter custom Bean not found with name 'encryptablePropertyFilter'. Initializing Default Property Filter
2022-11-20 10:49:18.327  INFO 8704 --- [           main] c.u.j.r.DefaultLazyPropertyResolver      : Property Resolver custom Bean not found with name 'encryptablePropertyResolver'. Initializing Default Property Resolver
2022-11-20 10:49:18.327  INFO 8704 --- [           main] c.u.j.d.DefaultLazyPropertyDetector      : Property Detector custom Bean not found with name 'encryptablePropertyDetector'. Initializing Default Property Detector
2022-11-20 10:49:18.331  INFO 8704 --- [           main] docker[mysql:8.0]                        : Creating container for image: mysql:8.0
2022-11-20 10:49:18.415  INFO 8704 --- [           main] docker[mysql:8.0]                        : Starting container with ID: 00d23e619a6978d91e983417650152b858a1db0be7d836bafc78a774b75a7d31
2022-11-20 10:49:18.603  INFO 8704 --- [           main] docker[mysql:8.0]                        : Container mysql:8.0 is starting: 00d23e619a6978d91e983417650152b858a1db0be7d836bafc78a774b75a7d31
2022-11-20 10:49:18.611  INFO 8704 --- [           main] docker[mysql:8.0]                        : Waiting for database connection to become available at jdbc:mysql://localhost:55022/file_upload?createDatabaseIfNotExist=true&serverTimezone=UTC using query 'SELECT 1'
2022-11-20 10:49:18.701  INFO 8704 --- [ream-1168501816] eConfig$$EnhancerBySpringCGLIB$$f71396ae : STDOUT: 2022-11-20 09:49:18+00:00 [Note] [Entrypoint]: Entrypoint script for MySQL Server 8.0.28-1debian10 started.
2022-11-20 10:49:19.307  INFO 8704 --- [ream-1168501816] eConfig$$EnhancerBySpringCGLIB$$f71396ae : STDOUT: 2022-11-20 09:49:19+00:00 [Note] [Entrypoint]: Switching to dedicated user 'mysql'
2022-11-20 10:49:19.448  INFO 8704 --- [ream-1168501816] eConfig$$EnhancerBySpringCGLIB$$f71396ae : STDOUT: 2022-11-20 09:49:19+00:00 [Note] [Entrypoint]: Entrypoint script for MySQL Server 8.0.28-1debian10 started.
2022-11-20 10:49:20.022  INFO 8704 --- [ream-1168501816] eConfig$$EnhancerBySpringCGLIB$$f71396ae : STDOUT: 2022-11-20 09:49:20+00:00 [Note] [Entrypoint]: Initializing database files
2022-11-20 10:49:20.142  INFO 8704 --- [ream-1168501816] eConfig$$EnhancerBySpringCGLIB$$f71396ae : STDERR: 2022-11-20T09:49:20.098745Z 0 [System] [MY-013169] [Server] /usr/sbin/mysqld (mysqld 8.0.28) initializing of server in progress as process 100
2022-11-20 10:49:20.189  INFO 8704 --- [ream-1168501816] eConfig$$EnhancerBySpringCGLIB$$f71396ae : STDERR: 2022-11-20T09:49:20.187337Z 1 [System] [MY-013576] [InnoDB] InnoDB initialization has started.
2022-11-20 10:49:20.208  INFO 8704 --- [ream-1168501816] eConfig$$EnhancerBySpringCGLIB$$f71396ae : STDERR: 2022-11-20T09:49:20.207453Z 1 [ERROR] [MY-012585] [InnoDB] Linux Native AIO interface is not supported on this platform. Please check your OS documentation and install appropriate binary of InnoDB.
2022-11-20 10:49:20.208  INFO 8704 --- [ream-1168501816] eConfig$$EnhancerBySpringCGLIB$$f71396ae : STDERR: 2022-11-20T09:49:20.207832Z 1 [Warning] [MY-012654] [InnoDB] Linux Native AIO disabled.
2022-11-20 10:49:20.680  INFO 8704 --- [ream-1168501816] eConfig$$EnhancerBySpringCGLIB$$f71396ae : STDERR: 2022-11-20T09:49:20.679627Z 1 [System] [MY-013577] [InnoDB] InnoDB initialization has ended.
2022-11-20 10:49:26.014  INFO 8704 --- [ream-1168501816] eConfig$$EnhancerBySpringCGLIB$$f71396ae : STDERR: 2022-11-20T09:49:26.013539Z 6 [Warning] [MY-010453] [Server] root@localhost is created with an empty password ! Please consider switching off the --initialize-insecure option.
2022-11-20 10:49:34.775  INFO 8704 --- [ream-1168501816] eConfig$$EnhancerBySpringCGLIB$$f71396ae : STDOUT: 2022-11-20 09:49:34+00:00 [Note] [Entrypoint]: Database files initialized
2022-11-20 10:49:34.795  INFO 8704 --- [ream-1168501816] eConfig$$EnhancerBySpringCGLIB$$f71396ae : STDOUT: 2022-11-20 09:49:34+00:00 [Note] [Entrypoint]: Starting temporary server
2022-11-20 10:49:35.242  INFO 8704 --- [ream-1168501816] eConfig$$EnhancerBySpringCGLIB$$f71396ae : STDERR: 2022-11-20T09:49:35.175552Z 0 [System] [MY-010116] [Server] /usr/sbin/mysqld (mysqld 8.0.28) starting as process 155
2022-11-20 10:49:35.291  INFO 8704 --- [ream-1168501816] eConfig$$EnhancerBySpringCGLIB$$f71396ae : STDERR: 2022-11-20T09:49:35.288912Z 1 [System] [MY-013576] [InnoDB] InnoDB initialization has started.
2022-11-20 10:49:35.315  INFO 8704 --- [ream-1168501816] eConfig$$EnhancerBySpringCGLIB$$f71396ae : STDERR: 2022-11-20T09:49:35.314529Z 1 [ERROR] [MY-012585] [InnoDB] Linux Native AIO interface is not supported on this platform. Please check your OS documentation and install appropriate binary of InnoDB.
2022-11-20 10:49:35.315  INFO 8704 --- [ream-1168501816] eConfig$$EnhancerBySpringCGLIB$$f71396ae : STDERR: 2022-11-20T09:49:35.314842Z 1 [Warning] [MY-012654] [InnoDB] Linux Native AIO disabled.
2022-11-20 10:49:35.521  INFO 8704 --- [ream-1168501816] eConfig$$EnhancerBySpringCGLIB$$f71396ae : STDERR: 2022-11-20T09:49:35.520150Z 1 [System] [MY-013577] [InnoDB] InnoDB initialization has ended.
2022-11-20 10:49:36.917  INFO 8704 --- [ream-1168501816] eConfig$$EnhancerBySpringCGLIB$$f71396ae : STDERR: 2022-11-20T09:49:36.917016Z 0 [Warning] [MY-010068] [Server] CA certificate ca.pem is self signed.
2022-11-20 10:49:36.918  INFO 8704 --- [ream-1168501816] eConfig$$EnhancerBySpringCGLIB$$f71396ae : STDERR: 2022-11-20T09:49:36.917737Z 0 [System] [MY-013602] [Server] Channel mysql_main configured to support TLS. Encrypted connections are now supported for this channel.
2022-11-20 10:49:36.925  INFO 8704 --- [ream-1168501816] eConfig$$EnhancerBySpringCGLIB$$f71396ae : STDERR: 2022-11-20T09:49:36.924563Z 0 [Warning] [MY-011810] [Server] Insecure configuration for --pid-file: Location '/var/run/mysqld' in the path is accessible to all OS users. Consider choosing a different directory.
2022-11-20 10:49:37.101  INFO 8704 --- [ream-1168501816] eConfig$$EnhancerBySpringCGLIB$$f71396ae : STDERR: 2022-11-20T09:49:37.100751Z 0 [System] [MY-011323] [Server] X Plugin ready for connections. Socket: /var/run/mysqld/mysqlx.sock
2022-11-20 10:49:37.102  INFO 8704 --- [ream-1168501816] eConfig$$EnhancerBySpringCGLIB$$f71396ae : STDERR: 2022-11-20T09:49:37.101731Z 0 [System] [MY-010931] [Server] /usr/sbin/mysqld: ready for connections. Version: '8.0.28'  socket: '/var/run/mysqld/mysqld.sock'  port: 0  MySQL Community Server - GPL.
2022-11-20 10:49:37.148  INFO 8704 --- [ream-1168501816] eConfig$$EnhancerBySpringCGLIB$$f71396ae : STDOUT: 2022-11-20 09:49:37+00:00 [Note] [Entrypoint]: Temporary server started.
2022-11-20 10:49:40.926  INFO 8704 --- [ream-1168501816] eConfig$$EnhancerBySpringCGLIB$$f71396ae : STDERR: Warning: Unable to load '/usr/share/zoneinfo/iso3166.tab' as time zone. Skipping it.
2022-11-20 10:49:40.926  INFO 8704 --- [ream-1168501816] eConfig$$EnhancerBySpringCGLIB$$f71396ae : STDERR: Warning: Unable to load '/usr/share/zoneinfo/leap-seconds.list' as time zone. Skipping it.
2022-11-20 10:49:48.404  INFO 8704 --- [ream-1168501816] eConfig$$EnhancerBySpringCGLIB$$f71396ae : STDERR: Warning: Unable to load '/usr/share/zoneinfo/zone.tab' as time zone. Skipping it.
2022-11-20 10:49:48.405  INFO 8704 --- [ream-1168501816] eConfig$$EnhancerBySpringCGLIB$$f71396ae : STDERR: Warning: Unable to load '/usr/share/zoneinfo/zone1970.tab' as time zone. Skipping it.
2022-11-20 10:49:49.164  INFO 8704 --- [ream-1168501816] eConfig$$EnhancerBySpringCGLIB$$f71396ae : STDOUT: 2022-11-20 09:49:49+00:00 [Note] [Entrypoint]: Creating database file_upload
2022-11-20 10:49:49.298  INFO 8704 --- [ream-1168501816] eConfig$$EnhancerBySpringCGLIB$$f71396ae : STDOUT: 2022-11-20 09:49:49+00:00 [Note] [Entrypoint]: Creating user username
2022-11-20 10:49:49.433  INFO 8704 --- [ream-1168501816] eConfig$$EnhancerBySpringCGLIB$$f71396ae : STDOUT: 2022-11-20 09:49:49+00:00 [Note] [Entrypoint]: Giving user username access to schema file_upload
2022-11-20 10:49:49.516  INFO 8704 --- [ream-1168501816] eConfig$$EnhancerBySpringCGLIB$$f71396ae : STDOUT: 
2022-11-20 10:49:49.536  INFO 8704 --- [ream-1168501816] eConfig$$EnhancerBySpringCGLIB$$f71396ae : STDOUT: 2022-11-20 09:49:49+00:00 [Note] [Entrypoint]: Stopping temporary server
2022-11-20 10:49:49.602  INFO 8704 --- [ream-1168501816] eConfig$$EnhancerBySpringCGLIB$$f71396ae : STDERR: 2022-11-20T09:49:49.601838Z 13 [System] [MY-013172] [Server] Received SHUTDOWN from user root. Shutting down mysqld (Version: 8.0.28).
2022-11-20 10:49:50.195  INFO 8704 --- [ream-1168501816] eConfig$$EnhancerBySpringCGLIB$$f71396ae : STDERR: 2022-11-20T09:49:50.194670Z 0 [System] [MY-010910] [Server] /usr/sbin/mysqld: Shutdown complete (mysqld 8.0.28)  MySQL Community Server - GPL.
2022-11-20 10:49:50.666  INFO 8704 --- [ream-1168501816] eConfig$$EnhancerBySpringCGLIB$$f71396ae : STDOUT: 2022-11-20 09:49:50+00:00 [Note] [Entrypoint]: Temporary server stopped
2022-11-20 10:49:50.666  INFO 8704 --- [ream-1168501816] eConfig$$EnhancerBySpringCGLIB$$f71396ae : STDOUT: 
2022-11-20 10:49:50.690  INFO 8704 --- [ream-1168501816] eConfig$$EnhancerBySpringCGLIB$$f71396ae : STDOUT: 2022-11-20 09:49:50+00:00 [Note] [Entrypoint]: MySQL init process done. Ready for start up.
2022-11-20 10:49:50.690  INFO 8704 --- [ream-1168501816] eConfig$$EnhancerBySpringCGLIB$$f71396ae : STDOUT: 
2022-11-20 10:49:51.114  INFO 8704 --- [ream-1168501816] eConfig$$EnhancerBySpringCGLIB$$f71396ae : STDERR: 2022-11-20T09:49:51.062576Z 0 [System] [MY-010116] [Server] /usr/sbin/mysqld (mysqld 8.0.28) starting as process 1
2022-11-20 10:49:51.159  INFO 8704 --- [ream-1168501816] eConfig$$EnhancerBySpringCGLIB$$f71396ae : STDERR: 2022-11-20T09:49:51.157742Z 1 [System] [MY-013576] [InnoDB] InnoDB initialization has started.
2022-11-20 10:49:51.184  INFO 8704 --- [ream-1168501816] eConfig$$EnhancerBySpringCGLIB$$f71396ae : STDERR: 2022-11-20T09:49:51.183754Z 1 [ERROR] [MY-012585] [InnoDB] Linux Native AIO interface is not supported on this platform. Please check your OS documentation and install appropriate binary of InnoDB.
2022-11-20 10:49:51.184  INFO 8704 --- [ream-1168501816] eConfig$$EnhancerBySpringCGLIB$$f71396ae : STDERR: 2022-11-20T09:49:51.184046Z 1 [Warning] [MY-012654] [InnoDB] Linux Native AIO disabled.
2022-11-20 10:49:51.394  INFO 8704 --- [ream-1168501816] eConfig$$EnhancerBySpringCGLIB$$f71396ae : STDERR: 2022-11-20T09:49:51.393736Z 1 [System] [MY-013577] [InnoDB] InnoDB initialization has ended.
2022-11-20 10:49:52.545  INFO 8704 --- [ream-1168501816] eConfig$$EnhancerBySpringCGLIB$$f71396ae : STDERR: 2022-11-20T09:49:52.543864Z 0 [Warning] [MY-010068] [Server] CA certificate ca.pem is self signed.
2022-11-20 10:49:52.545  INFO 8704 --- [ream-1168501816] eConfig$$EnhancerBySpringCGLIB$$f71396ae : STDERR: 2022-11-20T09:49:52.544679Z 0 [System] [MY-013602] [Server] Channel mysql_main configured to support TLS. Encrypted connections are now supported for this channel.
2022-11-20 10:49:52.551  INFO 8704 --- [ream-1168501816] eConfig$$EnhancerBySpringCGLIB$$f71396ae : STDERR: 2022-11-20T09:49:52.550980Z 0 [Warning] [MY-011810] [Server] Insecure configuration for --pid-file: Location '/var/run/mysqld' in the path is accessible to all OS users. Consider choosing a different directory.
2022-11-20 10:49:52.729  INFO 8704 --- [ream-1168501816] eConfig$$EnhancerBySpringCGLIB$$f71396ae : STDERR: 2022-11-20T09:49:52.728573Z 0 [System] [MY-011323] [Server] X Plugin ready for connections. Bind-address: '::' port: 33060, socket: /var/run/mysqld/mysqlx.sock
2022-11-20 10:49:52.729  INFO 8704 --- [ream-1168501816] eConfig$$EnhancerBySpringCGLIB$$f71396ae : STDERR: 2022-11-20T09:49:52.728712Z 0 [System] [MY-010931] [Server] /usr/sbin/mysqld: ready for connections. Version: '8.0.28'  socket: '/var/run/mysqld/mysqld.sock'  port: 3306  MySQL Community Server - GPL.
2022-11-20 10:49:52.803  INFO 8704 --- [           main] docker[mysql:8.0]                        : Container is started (JDBC URL: jdbc:mysql://localhost:55022/file_upload?createDatabaseIfNotExist=true&serverTimezone=UTC)
2022-11-20 10:49:52.803  INFO 8704 --- [           main] docker[mysql:8.0]                        : Container mysql:8.0 started in PT34.471951S
2022-11-20 10:49:52.811  INFO 8704 --- [           main] com.zaxxer.hikari.HikariDataSource       : HikariPool-5 - Starting...
2022-11-20 10:49:52.866  INFO 8704 --- [           main] com.zaxxer.hikari.HikariDataSource       : HikariPool-5 - Start completed.
2022-11-20 10:49:53.147  INFO 8704 --- [           main] liquibase.lockservice                    : Successfully acquired change log lock
2022-11-20 10:49:53.212  INFO 8704 --- [           main] liquibase.changelog                      : Creating database history table with name: file_upload.DATABASECHANGELOG
2022-11-20 10:49:53.297  INFO 8704 --- [           main] liquibase.changelog                      : Reading from file_upload.DATABASECHANGELOG
Running Changeset: db/db.file-upload-changelog.xml::1619276720000-1::dduru (generated)
2022-11-20 10:49:53.460  INFO 8704 --- [           main] liquibase.changelog                      : Table upl_file_upload created
2022-11-20 10:49:53.461  INFO 8704 --- [           main] liquibase.changelog                      : ChangeSet db/db.file-upload-changelog.xml::1619276720000-1::dduru (generated) ran successfully in 55ms
Running Changeset: db/db.file-upload-changelog.xml::1634246089072-4::dduru (generated)
2022-11-20 10:49:53.547  INFO 8704 --- [           main] liquibase.changelog                      : Columns public_url(TEXT) added to upl_file_upload
2022-11-20 10:49:53.548  INFO 8704 --- [           main] liquibase.changelog                      : ChangeSet db/db.file-upload-changelog.xml::1634246089072-4::dduru (generated) ran successfully in 75ms
2022-11-20 10:49:53.564  INFO 8704 --- [           main] liquibase.lockservice                    : Successfully released change log lock
2022-11-20 10:49:53.578  INFO 8704 --- [           main] o.hibernate.jpa.internal.util.LogHelper  : HHH000204: Processing PersistenceUnitInfo [name: default]
2022-11-20 10:49:53.579  INFO 8704 --- [           main] org.hibernate.dialect.Dialect            : HHH000400: Using dialect: org.hibernate.dialect.MySQL8Dialect
2022-11-20 10:49:53.592  INFO 8704 --- [           main] o.h.e.t.j.p.i.JtaPlatformInitiator       : HHH000490: Using JtaPlatform implementation: [org.hibernate.engine.transaction.jta.platform.internal.NoJtaPlatform]
2022-11-20 10:49:53.592  INFO 8704 --- [           main] j.LocalContainerEntityManagerFactoryBean : Initialized JPA EntityManagerFactory for persistence unit 'default'
2022-11-20 10:49:53.594  WARN 8704 --- [           main] o.s.w.c.s.GenericWebApplicationContext   : Exception encountered during context initialization - cancelling refresh attempt: org.springframework.beans.factory.UnsatisfiedDependencyException: Error creating bean with name 'fileUploadProvider' defined in file [/Users/dduru/IdeaProjects/Private/libs/file-uploader-jpa/target/test-classes/com/julianduru/fileuploader/data/FileUploadProvider.class]: Unsatisfied dependency expressed through constructor parameter 0; nested exception is org.springframework.beans.factory.UnsatisfiedDependencyException: Error creating bean with name 'jpaFileUploadRepositoryImpl' defined in file [/Users/dduru/IdeaProjects/Private/libs/file-uploader-jpa/target/classes/com/julianduru/fileuploader/module/JpaFileUploadRepositoryImpl.class]: Unsatisfied dependency expressed through constructor parameter 0; nested exception is org.springframework.beans.factory.BeanCurrentlyInCreationException: Error creating bean with name 'jpaFileUploadRepositoryImpl': Requested bean is currently in creation: Is there an unresolvable circular reference?
2022-11-20 10:49:53.594  INFO 8704 --- [           main] j.LocalContainerEntityManagerFactoryBean : Closing JPA EntityManagerFactory for persistence unit 'default'
2022-11-20 10:49:53.594  INFO 8704 --- [           main] com.zaxxer.hikari.HikariDataSource       : HikariPool-5 - Shutdown initiated...
2022-11-20 10:49:53.611  INFO 8704 --- [           main] com.zaxxer.hikari.HikariDataSource       : HikariPool-5 - Shutdown completed.
2022-11-20 10:49:53.796  INFO 8704 --- [           main] ConditionEvaluationReportLoggingListener : 

Error starting ApplicationContext. To display the conditions report re-run your application with 'debug' enabled.
2022-11-20 10:49:53.796 ERROR 8704 --- [           main] o.s.b.d.LoggingFailureAnalysisReporter   : 

***************************
APPLICATION FAILED TO START
***************************

Description:

The dependencies of some of the beans in the application context form a cycle:

   fileUploadProvider defined in file [/Users/dduru/IdeaProjects/Private/libs/file-uploader-jpa/target/test-classes/com/julianduru/fileuploader/data/FileUploadProvider.class]
???????
|  jpaFileUploadRepositoryImpl defined in file [/Users/dduru/IdeaProjects/Private/libs/file-uploader-jpa/target/classes/com/julianduru/fileuploader/module/JpaFileUploadRepositoryImpl.class]
???????


Action:

Relying upon circular references is discouraged and they are prohibited by default. Update your application to remove the dependency cycle between beans. As a last resort, it may be possible to break the cycle automatically by setting spring.main.allow-circular-references to true.

2022-11-20 10:49:53.797 ERROR 8704 --- [           main] o.s.test.context.TestContextManager      : Caught exception while allowing TestExecutionListener [org.springframework.test.context.web.ServletTestExecutionListener@54b88247] to prepare test instance [com.julianduru.fileuploader.controller.FileControllerTest@3dab9366]

java.lang.IllegalStateException: Failed to load ApplicationContext
	at org.springframework.test.context.cache.DefaultCacheAwareContextLoaderDelegate.loadContext(DefaultCacheAwareContextLoaderDelegate.java:132) ~[spring-test-5.3.22.jar:5.3.22]
	at org.springframework.test.context.support.DefaultTestContext.getApplicationContext(DefaultTestContext.java:124) ~[spring-test-5.3.22.jar:5.3.22]
	at org.springframework.test.context.web.ServletTestExecutionListener.setUpRequestContextIfNecessary(ServletTestExecutionListener.java:190) ~[spring-test-5.3.22.jar:5.3.22]
	at org.springframework.test.context.web.ServletTestExecutionListener.prepareTestInstance(ServletTestExecutionListener.java:132) ~[spring-test-5.3.22.jar:5.3.22]
	at org.springframework.test.context.TestContextManager.prepareTestInstance(TestContextManager.java:248) ~[spring-test-5.3.22.jar:5.3.22]
	at org.springframework.test.context.junit.jupiter.SpringExtension.postProcessTestInstance(SpringExtension.java:138) ~[spring-test-5.3.22.jar:5.3.22]
	at org.junit.jupiter.engine.descriptor.ClassBasedTestDescriptor.lambda$invokeTestInstancePostProcessors$8(ClassBasedTestDescriptor.java:363) ~[junit-jupiter-engine-5.8.2.jar:5.8.2]
	at org.junit.jupiter.engine.descriptor.ClassBasedTestDescriptor.executeAndMaskThrowable(ClassBasedTestDescriptor.java:368) ~[junit-jupiter-engine-5.8.2.jar:5.8.2]
	at org.junit.jupiter.engine.descriptor.ClassBasedTestDescriptor.lambda$invokeTestInstancePostProcessors$9(ClassBasedTestDescriptor.java:363) ~[junit-jupiter-engine-5.8.2.jar:5.8.2]
	at java.base/java.util.stream.ReferencePipeline$3$1.accept(ReferencePipeline.java:197) ~[na:na]
	at java.base/java.util.stream.ReferencePipeline$2$1.accept(ReferencePipeline.java:179) ~[na:na]
	at java.base/java.util.ArrayList$ArrayListSpliterator.forEachRemaining(ArrayList.java:1625) ~[na:na]
	at java.base/java.util.stream.AbstractPipeline.copyInto(AbstractPipeline.java:509) ~[na:na]
	at java.base/java.util.stream.AbstractPipeline.wrapAndCopyInto(AbstractPipeline.java:499) ~[na:na]
	at java.base/java.util.stream.StreamSpliterators$WrappingSpliterator.forEachRemaining(StreamSpliterators.java:310) ~[na:na]
	at java.base/java.util.stream.Streams$ConcatSpliterator.forEachRemaining(Streams.java:735) ~[na:na]
	at java.base/java.util.stream.Streams$ConcatSpliterator.forEachRemaining(Streams.java:734) ~[na:na]
	at java.base/java.util.stream.ReferencePipeline$Head.forEach(ReferencePipeline.java:762) ~[na:na]
	at org.junit.jupiter.engine.descriptor.ClassBasedTestDescriptor.invokeTestInstancePostProcessors(ClassBasedTestDescriptor.java:362) ~[junit-jupiter-engine-5.8.2.jar:5.8.2]
	at org.junit.jupiter.engine.descriptor.ClassBasedTestDescriptor.lambda$instantiateAndPostProcessTestInstance$6(ClassBasedTestDescriptor.java:283) ~[junit-jupiter-engine-5.8.2.jar:5.8.2]
	at org.junit.platform.engine.support.hierarchical.ThrowableCollector.execute(ThrowableCollector.java:73) ~[junit-platform-engine-1.8.2.jar:1.8.2]
	at org.junit.jupiter.engine.descriptor.ClassBasedTestDescriptor.instantiateAndPostProcessTestInstance(ClassBasedTestDescriptor.java:282) ~[junit-jupiter-engine-5.8.2.jar:5.8.2]
	at org.junit.jupiter.engine.descriptor.ClassBasedTestDescriptor.lambda$testInstancesProvider$4(ClassBasedTestDescriptor.java:272) ~[junit-jupiter-engine-5.8.2.jar:5.8.2]
	at java.base/java.util.Optional.orElseGet(Optional.java:364) ~[na:na]
	at org.junit.jupiter.engine.descriptor.ClassBasedTestDescriptor.lambda$testInstancesProvider$5(ClassBasedTestDescriptor.java:271) ~[junit-jupiter-engine-5.8.2.jar:5.8.2]
	at org.junit.jupiter.engine.execution.TestInstancesProvider.getTestInstances(TestInstancesProvider.java:31) ~[junit-jupiter-engine-5.8.2.jar:5.8.2]
	at org.junit.jupiter.engine.descriptor.TestMethodTestDescriptor.lambda$prepare$0(TestMethodTestDescriptor.java:102) ~[junit-jupiter-engine-5.8.2.jar:5.8.2]
	at org.junit.platform.engine.support.hierarchical.ThrowableCollector.execute(ThrowableCollector.java:73) ~[junit-platform-engine-1.8.2.jar:1.8.2]
	at org.junit.jupiter.engine.descriptor.TestMethodTestDescriptor.prepare(TestMethodTestDescriptor.java:101) ~[junit-jupiter-engine-5.8.2.jar:5.8.2]
	at org.junit.jupiter.engine.descriptor.TestMethodTestDescriptor.prepare(TestMethodTestDescriptor.java:66) ~[junit-jupiter-engine-5.8.2.jar:5.8.2]
	at org.junit.platform.engine.support.hierarchical.NodeTestTask.lambda$prepare$2(NodeTestTask.java:123) ~[junit-platform-engine-1.8.2.jar:1.8.2]
	at org.junit.platform.engine.support.hierarchical.ThrowableCollector.execute(ThrowableCollector.java:73) ~[junit-platform-engine-1.8.2.jar:1.8.2]
	at org.junit.platform.engine.support.hierarchical.NodeTestTask.prepare(NodeTestTask.java:123) ~[junit-platform-engine-1.8.2.jar:1.8.2]
	at org.junit.platform.engine.support.hierarchical.NodeTestTask.execute(NodeTestTask.java:90) ~[junit-platform-engine-1.8.2.jar:1.8.2]
	at java.base/java.util.ArrayList.forEach(ArrayList.java:1511) ~[na:na]
	at org.junit.platform.engine.support.hierarchical.SameThreadHierarchicalTestExecutorService.invokeAll(SameThreadHierarchicalTestExecutorService.java:41) ~[junit-platform-engine-1.8.2.jar:1.8.2]
	at org.junit.platform.engine.support.hierarchical.NodeTestTask.lambda$executeRecursively$6(NodeTestTask.java:155) ~[junit-platform-engine-1.8.2.jar:1.8.2]
	at org.junit.platform.engine.support.hierarchical.ThrowableCollector.execute(ThrowableCollector.java:73) ~[junit-platform-engine-1.8.2.jar:1.8.2]
	at org.junit.platform.engine.support.hierarchical.NodeTestTask.lambda$executeRecursively$8(NodeTestTask.java:141) ~[junit-platform-engine-1.8.2.jar:1.8.2]
	at org.junit.platform.engine.support.hierarchical.Node.around(Node.java:137) ~[junit-platform-engine-1.8.2.jar:1.8.2]
	at org.junit.platform.engine.support.hierarchical.NodeTestTask.lambda$executeRecursively$9(NodeTestTask.java:139) ~[junit-platform-engine-1.8.2.jar:1.8.2]
	at org.junit.platform.engine.support.hierarchical.ThrowableCollector.execute(ThrowableCollector.java:73) ~[junit-platform-engine-1.8.2.jar:1.8.2]
	at org.junit.platform.engine.support.hierarchical.NodeTestTask.executeRecursively(NodeTestTask.java:138) ~[junit-platform-engine-1.8.2.jar:1.8.2]
	at org.junit.platform.engine.support.hierarchical.NodeTestTask.execute(NodeTestTask.java:95) ~[junit-platform-engine-1.8.2.jar:1.8.2]
	at java.base/java.util.ArrayList.forEach(ArrayList.java:1511) ~[na:na]
	at org.junit.platform.engine.support.hierarchical.SameThreadHierarchicalTestExecutorService.invokeAll(SameThreadHierarchicalTestExecutorService.java:41) ~[junit-platform-engine-1.8.2.jar:1.8.2]
	at org.junit.platform.engine.support.hierarchical.NodeTestTask.lambda$executeRecursively$6(NodeTestTask.java:155) ~[junit-platform-engine-1.8.2.jar:1.8.2]
	at org.junit.platform.engine.support.hierarchical.ThrowableCollector.execute(ThrowableCollector.java:73) ~[junit-platform-engine-1.8.2.jar:1.8.2]
	at org.junit.platform.engine.support.hierarchical.NodeTestTask.lambda$executeRecursively$8(NodeTestTask.java:141) ~[junit-platform-engine-1.8.2.jar:1.8.2]
	at org.junit.platform.engine.support.hierarchical.Node.around(Node.java:137) ~[junit-platform-engine-1.8.2.jar:1.8.2]
	at org.junit.platform.engine.support.hierarchical.NodeTestTask.lambda$executeRecursively$9(NodeTestTask.java:139) ~[junit-platform-engine-1.8.2.jar:1.8.2]
	at org.junit.platform.engine.support.hierarchical.ThrowableCollector.execute(ThrowableCollector.java:73) ~[junit-platform-engine-1.8.2.jar:1.8.2]
	at org.junit.platform.engine.support.hierarchical.NodeTestTask.executeRecursively(NodeTestTask.java:138) ~[junit-platform-engine-1.8.2.jar:1.8.2]
	at org.junit.platform.engine.support.hierarchical.NodeTestTask.execute(NodeTestTask.java:95) ~[junit-platform-engine-1.8.2.jar:1.8.2]
	at org.junit.platform.engine.support.hierarchical.SameThreadHierarchicalTestExecutorService.submit(SameThreadHierarchicalTestExecutorService.java:35) ~[junit-platform-engine-1.8.2.jar:1.8.2]
	at org.junit.platform.engine.support.hierarchical.HierarchicalTestExecutor.execute(HierarchicalTestExecutor.java:57) ~[junit-platform-engine-1.8.2.jar:1.8.2]
	at org.junit.platform.engine.support.hierarchical.HierarchicalTestEngine.execute(HierarchicalTestEngine.java:54) ~[junit-platform-engine-1.8.2.jar:1.8.2]
	at org.junit.platform.launcher.core.DefaultLauncher.execute(DefaultLauncher.java:220) ~[junit-platform-launcher-1.3.1.jar:1.3.1]
	at org.junit.platform.launcher.core.DefaultLauncher.lambda$execute$6(DefaultLauncher.java:188) ~[junit-platform-launcher-1.3.1.jar:1.3.1]
	at org.junit.platform.launcher.core.DefaultLauncher.withInterceptedStreams(DefaultLauncher.java:202) ~[junit-platform-launcher-1.3.1.jar:1.3.1]
	at org.junit.platform.launcher.core.DefaultLauncher.execute(DefaultLauncher.java:181) ~[junit-platform-launcher-1.3.1.jar:1.3.1]
	at org.junit.platform.launcher.core.DefaultLauncher.execute(DefaultLauncher.java:128) ~[junit-platform-launcher-1.3.1.jar:1.3.1]
	at org.apache.maven.surefire.junitplatform.JUnitPlatformProvider.invokeAllTests(JUnitPlatformProvider.java:150) ~[surefire-junit-platform-2.22.2.jar:2.22.2]
	at org.apache.maven.surefire.junitplatform.JUnitPlatformProvider.invoke(JUnitPlatformProvider.java:124) ~[surefire-junit-platform-2.22.2.jar:2.22.2]
	at org.apache.maven.surefire.booter.ForkedBooter.invokeProviderInSameClassLoader(ForkedBooter.java:384) ~[surefire-booter-2.22.2.jar:2.22.2]
	at org.apache.maven.surefire.booter.ForkedBooter.runSuitesInProcess(ForkedBooter.java:345) ~[surefire-booter-2.22.2.jar:2.22.2]
	at org.apache.maven.surefire.booter.ForkedBooter.execute(ForkedBooter.java:126) ~[surefire-booter-2.22.2.jar:2.22.2]
	at org.apache.maven.surefire.booter.ForkedBooter.main(ForkedBooter.java:418) ~[surefire-booter-2.22.2.jar:2.22.2]
Caused by: org.springframework.beans.factory.UnsatisfiedDependencyException: Error creating bean with name 'fileUploadProvider' defined in file [/Users/dduru/IdeaProjects/Private/libs/file-uploader-jpa/target/test-classes/com/julianduru/fileuploader/data/FileUploadProvider.class]: Unsatisfied dependency expressed through constructor parameter 0; nested exception is org.springframework.beans.factory.UnsatisfiedDependencyException: Error creating bean with name 'jpaFileUploadRepositoryImpl' defined in file [/Users/dduru/IdeaProjects/Private/libs/file-uploader-jpa/target/classes/com/julianduru/fileuploader/module/JpaFileUploadRepositoryImpl.class]: Unsatisfied dependency expressed through constructor parameter 0; nested exception is org.springframework.beans.factory.BeanCurrentlyInCreationException: Error creating bean with name 'jpaFileUploadRepositoryImpl': Requested bean is currently in creation: Is there an unresolvable circular reference?
	at org.springframework.beans.factory.support.ConstructorResolver.createArgumentArray(ConstructorResolver.java:800) ~[spring-beans-5.3.22.jar:5.3.22]
	at org.springframework.beans.factory.support.ConstructorResolver.autowireConstructor(ConstructorResolver.java:229) ~[spring-beans-5.3.22.jar:5.3.22]
	at org.springframework.beans.factory.support.AbstractAutowireCapableBeanFactory.autowireConstructor(AbstractAutowireCapableBeanFactory.java:1372) ~[spring-beans-5.3.22.jar:5.3.22]
	at org.springframework.beans.factory.support.AbstractAutowireCapableBeanFactory.createBeanInstance(AbstractAutowireCapableBeanFactory.java:1222) ~[spring-beans-5.3.22.jar:5.3.22]
	at org.springframework.beans.factory.support.AbstractAutowireCapableBeanFactory.doCreateBean(AbstractAutowireCapableBeanFactory.java:582) ~[spring-beans-5.3.22.jar:5.3.22]
	at org.springframework.beans.factory.support.AbstractAutowireCapableBeanFactory.createBean(AbstractAutowireCapableBeanFactory.java:542) ~[spring-beans-5.3.22.jar:5.3.22]
	at org.springframework.beans.factory.support.AbstractBeanFactory.lambda$doGetBean$0(AbstractBeanFactory.java:335) ~[spring-beans-5.3.22.jar:5.3.22]
	at org.springframework.beans.factory.support.DefaultSingletonBeanRegistry.getSingleton(DefaultSingletonBeanRegistry.java:234) ~[spring-beans-5.3.22.jar:5.3.22]
	at org.springframework.beans.factory.support.AbstractBeanFactory.doGetBean(AbstractBeanFactory.java:333) ~[spring-beans-5.3.22.jar:5.3.22]
	at org.springframework.beans.factory.support.AbstractBeanFactory.getBean(AbstractBeanFactory.java:208) ~[spring-beans-5.3.22.jar:5.3.22]
	at org.springframework.beans.factory.support.DefaultListableBeanFactory.preInstantiateSingletons(DefaultListableBeanFactory.java:955) ~[spring-beans-5.3.22.jar:5.3.22]
	at org.springframework.context.support.AbstractApplicationContext.finishBeanFactoryInitialization(AbstractApplicationContext.java:918) ~[spring-context-5.3.22.jar:5.3.22]
	at org.springframework.context.support.AbstractApplicationContext.refresh(AbstractApplicationContext.java:583) ~[spring-context-5.3.22.jar:5.3.22]
	at org.springframework.boot.SpringApplication.refresh(SpringApplication.java:734) ~[spring-boot-2.7.3.jar:2.7.3]
	at org.springframework.boot.SpringApplication.refreshContext(SpringApplication.java:408) ~[spring-boot-2.7.3.jar:2.7.3]
	at org.springframework.boot.SpringApplication.run(SpringApplication.java:308) ~[spring-boot-2.7.3.jar:2.7.3]
	at org.springframework.boot.test.context.SpringBootContextLoader.loadContext(SpringBootContextLoader.java:132) ~[spring-boot-test-2.7.3.jar:2.7.3]
	at org.springframework.test.context.cache.DefaultCacheAwareContextLoaderDelegate.loadContextInternal(DefaultCacheAwareContextLoaderDelegate.java:99) ~[spring-test-5.3.22.jar:5.3.22]
	at org.springframework.test.context.cache.DefaultCacheAwareContextLoaderDelegate.loadContext(DefaultCacheAwareContextLoaderDelegate.java:124) ~[spring-test-5.3.22.jar:5.3.22]
	... 67 common frames omitted
Caused by: org.springframework.beans.factory.UnsatisfiedDependencyException: Error creating bean with name 'jpaFileUploadRepositoryImpl' defined in file [/Users/dduru/IdeaProjects/Private/libs/file-uploader-jpa/target/classes/com/julianduru/fileuploader/module/JpaFileUploadRepositoryImpl.class]: Unsatisfied dependency expressed through constructor parameter 0; nested exception is org.springframework.beans.factory.BeanCurrentlyInCreationException: Error creating bean with name 'jpaFileUploadRepositoryImpl': Requested bean is currently in creation: Is there an unresolvable circular reference?
	at org.springframework.beans.factory.support.ConstructorResolver.createArgumentArray(ConstructorResolver.java:800) ~[spring-beans-5.3.22.jar:5.3.22]
	at org.springframework.beans.factory.support.ConstructorResolver.autowireConstructor(ConstructorResolver.java:229) ~[spring-beans-5.3.22.jar:5.3.22]
	at org.springframework.beans.factory.support.AbstractAutowireCapableBeanFactory.autowireConstructor(AbstractAutowireCapableBeanFactory.java:1372) ~[spring-beans-5.3.22.jar:5.3.22]
	at org.springframework.beans.factory.support.AbstractAutowireCapableBeanFactory.createBeanInstance(AbstractAutowireCapableBeanFactory.java:1222) ~[spring-beans-5.3.22.jar:5.3.22]
	at org.springframework.beans.factory.support.AbstractAutowireCapableBeanFactory.doCreateBean(AbstractAutowireCapableBeanFactory.java:582) ~[spring-beans-5.3.22.jar:5.3.22]
	at org.springframework.beans.factory.support.AbstractAutowireCapableBeanFactory.createBean(AbstractAutowireCapableBeanFactory.java:542) ~[spring-beans-5.3.22.jar:5.3.22]
	at org.springframework.beans.factory.support.AbstractBeanFactory.lambda$doGetBean$0(AbstractBeanFactory.java:335) ~[spring-beans-5.3.22.jar:5.3.22]
	at org.springframework.beans.factory.support.DefaultSingletonBeanRegistry.getSingleton(DefaultSingletonBeanRegistry.java:234) ~[spring-beans-5.3.22.jar:5.3.22]
	at org.springframework.beans.factory.support.AbstractBeanFactory.doGetBean(AbstractBeanFactory.java:333) ~[spring-beans-5.3.22.jar:5.3.22]
	at org.springframework.beans.factory.support.AbstractBeanFactory.getBean(AbstractBeanFactory.java:208) ~[spring-beans-5.3.22.jar:5.3.22]
	at org.springframework.beans.factory.support.AbstractBeanFactory.doGetBean(AbstractBeanFactory.java:322) ~[spring-beans-5.3.22.jar:5.3.22]
	at org.springframework.beans.factory.support.AbstractBeanFactory.getBean(AbstractBeanFactory.java:208) ~[spring-beans-5.3.22.jar:5.3.22]
	at org.springframework.beans.factory.config.DependencyDescriptor.resolveCandidate(DependencyDescriptor.java:276) ~[spring-beans-5.3.22.jar:5.3.22]
	at org.springframework.beans.factory.support.DefaultListableBeanFactory.doResolveDependency(DefaultListableBeanFactory.java:1391) ~[spring-beans-5.3.22.jar:5.3.22]
	at org.springframework.beans.factory.support.DefaultListableBeanFactory.resolveDependency(DefaultListableBeanFactory.java:1311) ~[spring-beans-5.3.22.jar:5.3.22]
	at org.springframework.beans.factory.support.ConstructorResolver.resolveAutowiredArgument(ConstructorResolver.java:887) ~[spring-beans-5.3.22.jar:5.3.22]
	at org.springframework.beans.factory.support.ConstructorResolver.createArgumentArray(ConstructorResolver.java:791) ~[spring-beans-5.3.22.jar:5.3.22]
	... 85 common frames omitted
Caused by: org.springframework.beans.factory.BeanCurrentlyInCreationException: Error creating bean with name 'jpaFileUploadRepositoryImpl': Requested bean is currently in creation: Is there an unresolvable circular reference?
	at org.springframework.beans.factory.support.DefaultSingletonBeanRegistry.beforeSingletonCreation(DefaultSingletonBeanRegistry.java:355) ~[spring-beans-5.3.22.jar:5.3.22]
	at org.springframework.beans.factory.support.DefaultSingletonBeanRegistry.getSingleton(DefaultSingletonBeanRegistry.java:227) ~[spring-beans-5.3.22.jar:5.3.22]
	at org.springframework.beans.factory.support.AbstractBeanFactory.doGetBean(AbstractBeanFactory.java:333) ~[spring-beans-5.3.22.jar:5.3.22]
	at org.springframework.beans.factory.support.AbstractBeanFactory.getBean(AbstractBeanFactory.java:208) ~[spring-beans-5.3.22.jar:5.3.22]
	at org.springframework.beans.factory.support.AbstractBeanFactory.doGetBean(AbstractBeanFactory.java:322) ~[spring-beans-5.3.22.jar:5.3.22]
	at org.springframework.beans.factory.support.AbstractBeanFactory.getBean(AbstractBeanFactory.java:208) ~[spring-beans-5.3.22.jar:5.3.22]
	at org.springframework.beans.factory.config.DependencyDescriptor.resolveCandidate(DependencyDescriptor.java:276) ~[spring-beans-5.3.22.jar:5.3.22]
	at org.springframework.beans.factory.support.DefaultListableBeanFactory.doResolveDependency(DefaultListableBeanFactory.java:1391) ~[spring-beans-5.3.22.jar:5.3.22]
	at org.springframework.beans.factory.support.DefaultListableBeanFactory.resolveDependency(DefaultListableBeanFactory.java:1311) ~[spring-beans-5.3.22.jar:5.3.22]
	at org.springframework.beans.factory.support.ConstructorResolver.resolveAutowiredArgument(ConstructorResolver.java:887) ~[spring-beans-5.3.22.jar:5.3.22]
	at org.springframework.beans.factory.support.ConstructorResolver.createArgumentArray(ConstructorResolver.java:791) ~[spring-beans-5.3.22.jar:5.3.22]
	... 101 common frames omitted

]]></system-out>
  </testcase>
</testsuite>